nohup: ignoring input
Starting LPCMCI...
Finished.
Starting LPCMCI...
Finished.
Starting LPCMCI...
Finished.
Starting LPCMCI...
Finished.
Starting LPCMCI...
Finished.
Starting LPCMCI...
Finished.
Starting LPCMCI...
Finished.
Starting LPCMCI...
Finished.
Starting LPCMCI...
Finished.
Starting LPCMCI...
Finished.
   Elapsed Time (s)  F1 Score       CMI  Recall
0      14692.095101  0.400000  0.233960     0.0
1      20347.738058  0.347826  0.161292     0.0
2      18816.518311  0.111111  0.191972     0.0
3      14489.055614  0.380952  0.219009     0.0
4      23965.427058  0.000000  0.270779     0.0
5      16610.189237  0.380952  0.121520     0.0
6      10089.255925  0.571429  0.136589     0.4
7      11705.648939  0.000000  0.182930     0.0
8      10632.992696  0.476190  0.144942     0.4
9      10659.989593  0.333333  0.211936     0.0
Starting LPCMCI...
Finished.
Starting LPCMCI...
Finished.
Starting LPCMCI...
Finished.
Starting LPCMCI...
Finished.
Starting LPCMCI...
Finished.
Starting LPCMCI...
Finished.
Starting LPCMCI...
Finished.
Starting LPCMCI...
Finished.
Starting LPCMCI...
Finished.
Starting LPCMCI...
Finished.
   Elapsed Time (s)  F1 Score       CMI  Recall
0      14065.565789  0.000000  0.051424     0.0
1      13531.277405  0.181818  0.088734     1.0
2      12317.541187  0.000000  0.099041     0.0
3      11173.311492  0.000000  0.052929     0.0
4       8061.846174  0.000000  0.101541     0.0
5      11658.323375  0.000000  0.115299     0.0
6      11877.713583  0.086957  0.088808     0.0
7      12893.179200  0.272727  0.089659     1.0
8      11986.353827  0.000000  0.095417     0.0
9      22184.998852  0.000000  0.067896     0.0
Starting LPCMCI...
Finished.
Starting LPCMCI...
Finished.
Starting LPCMCI...
Finished.
Starting LPCMCI...
Finished.
Starting LPCMCI...
Finished.
Starting LPCMCI...
Finished.
Starting LPCMCI...
Finished.
Starting LPCMCI...
Finished.
Starting LPCMCI...
Finished.
Starting LPCMCI...
Finished.
   Elapsed Time (s)  F1 Score       CMI  Recall
0      10129.255918  0.000000  0.171344     0.0
1      11022.666821  0.173913  0.150193     0.0
2      12455.431165  0.272727  0.144713     0.0
3      11581.570691  0.000000  0.112121     0.0
4      11597.781317  0.000000  0.097986     0.0
5      24037.441828  0.000000  0.069767     0.0
6      15202.559369  0.000000  0.094154     0.0
7      22351.730727  0.000000  0.093658     0.0
8      11929.633530  0.181818  0.099954     1.0
9      12268.496743  0.000000  0.075750     0.0
