/data/gnicolaou/tigramite/.venv/lib/python3.10/site-packages/sklearn/gaussian_process/_gpr.py:663: ConvergenceWarning: lbfgs failed to converge (status=2):
ABNORMAL_TERMINATION_IN_LNSRCH.

Increase the number of iterations (max_iter) or scale the data as shown in:
    https://scikit-learn.org/stable/modules/preprocessing.html
  _check_optimize_result("lbfgs", opt_res)
{0: {(0, -1): '-?>', (1, 0): '<?-', (1, -1): '-?>', (2, 0): '-?>', (2, -1): '', (3, 0): '-?>', (3, -1): '', (4, 0): '-?>', (4, -1): '', (5, 0): '-?>', (5, -1): '', (6, 0): '-?>', (6, -1): '', (7, 0): '', (7, -1): ''}, 1: {(0, 0): '-?>', (0, -1): 'o?>', (1, -1): '', (2, 0): '', (2, -1): '', (3, 0): '', (3, -1): '', (4, 0): '', (4, -1): '', (5, 0): '', (5, -1): '', (6, 0): '', (6, -1): '', (7, 0): '-?>', (7, -1): 'o?>'}, 2: {(0, 0): '<?-', (0, -1): '', (1, 0): '', (1, -1): '', (2, -1): '', (3, 0): '', (3, -1): '', (4, 0): '', (4, -1): '', (5, 0): '', (5, -1): '', (6, 0): '', (6, -1): '', (7, 0): '<?-', (7, -1): ''}, 3: {(0, 0): '<?-', (0, -1): '', (1, 0): '', (1, -1): '', (2, 0): '', (2, -1): '', (3, -1): '', (4, 0): '', (4, -1): '', (5, 0): '', (5, -1): '', (6, 0): '', (6, -1): '', (7, 0): '<?-', (7, -1): ''}, 4: {(0, 0): '<?-', (0, -1): '', (1, 0): '', (1, -1): '', (2, 0): '', (2, -1): '', (3, 0): '', (3, -1): '', (4, -1): '', (5, 0): '', (5, -1): '', (6, 0): '', (6, -1): '', (7, 0): '<?-', (7, -1): ''}, 5: {(0, 0): '<?-', (0, -1): '', (1, 0): '', (1, -1): '', (2, 0): '', (2, -1): '', (3, 0): '', (3, -1): '', (4, 0): '', (4, -1): '', (5, -1): '', (6, 0): '', (6, -1): '', (7, 0): '<?-', (7, -1): ''}, 6: {(0, 0): '<?-', (0, -1): '', (1, 0): '', (1, -1): '', (2, 0): '', (2, -1): '', (3, 0): '', (3, -1): '', (4, 0): '', (4, -1): '', (5, 0): '', (5, -1): '', (6, -1): '', (7, 0): '<?-', (7, -1): ''}, 7: {(0, 0): '', (0, -1): 'o?>', (1, 0): '<?-', (1, -1): '-?>', (2, 0): '-?>', (2, -1): '', (3, 0): '-?>', (3, -1): '', (4, 0): '-?>', (4, -1): '', (5, 0): '-?>', (5, -1): '', (6, 0): '-?>', (6, -1): '', (7, -1): 'o?>'}}

=======================================================
=======================================================
Starting preliminary phase  1

Starting test phase

p = 0
(0, 0) independent (6, 0) given () union {(4, 0), (2, 0), (1, -1), (3, 0), (5, 0), (0, -1)}
(0, 0) independent (6, 0) given () union {(4, 0), (2, 0), (1, -1), (3, 0), (5, 0), (0, -1)}
Writing:   (0, 0) <?- (6, 0) ==> (0, 0)     (6, 0) 
Writing:   (6, 0) -?> (0, 0) ==> (6, 0)     (0, 0) 
(0,-1) independent (7, 0) given () union {(2, -1), (4, 0), (3, -1), (5, -1), (2, 0), (1, -1), (1, -2), (3, 0), (5, 0), (6, 0), (4, -1), (0, -2)}
Writing:   (0,-1) oL> (7, 0) ==> (0,-1)     (7, 0) 

Test phase complete

Starting orientation phase
with rule list:  [['APR'], ['ER-08'], ['ER-02'], ['ER-01'], ['ER-09'], ['ER-10']]

APR:
Found nothing

ER-08:
Marked:    (0,-1) oL> (1, 0) ==> (0,-1) -L> (1, 0) 
Marked:    (7,-1) oL> (7, 0) ==> (7,-1) -L> (7, 0) 
Writing:   (0,-1) oL> (1, 0) ==> (0,-1) -L> (1, 0) 
Update:    Marking (0, -1) as anc of (1, 0)
Writing:   (7,-1) oL> (7, 0) ==> (7,-1) -L> (7, 0) 
Update:    Marking (7, -1) as anc of (7, 0)

APR:
Found nothing

ER-08:
Marked:    (7,-1) oL> (1, 0) ==> (7,-1) -L> (1, 0) 
Writing:   (7,-1) oL> (1, 0) ==> (7,-1) -L> (1, 0) 
Update:    Marking (7, -1) as anc of (1, 0)

APR:
Found nothing

ER-08:
Found nothing

ER-02:
Found nothing

ER-01:
Found nothing

ER-09:
Found nothing

ER-10:
Found nothing

Orientation phase complete

Middle mark updates

Writing:   (0, 0) -?> (1, 0) ==> (0, 0) -L> (1, 0) 
Writing:   (1, 0) <?- (0, 0) ==> (1, 0) <L- (0, 0) 
Writing:   (2, 0) -?> (0, 0) ==> (2, 0) -R> (0, 0) 
Writing:   (0, 0) <?- (2, 0) ==> (0, 0) <R- (2, 0) 
Writing:   (3, 0) -?> (0, 0) ==> (3, 0) -R> (0, 0) 
Writing:   (0, 0) <?- (3, 0) ==> (0, 0) <R- (3, 0) 
Writing:   (4, 0) -?> (0, 0) ==> (4, 0) -R> (0, 0) 
Writing:   (0, 0) <?- (4, 0) ==> (0, 0) <R- (4, 0) 
Writing:   (5, 0) -?> (0, 0) ==> (5, 0) -R> (0, 0) 
Writing:   (0, 0) <?- (5, 0) ==> (0, 0) <R- (5, 0) 
Writing:   (7, 0) -?> (1, 0) ==> (7, 0) -R> (1, 0) 
Writing:   (1, 0) <?- (7, 0) ==> (1, 0) <R- (7, 0) 
Writing:   (2, 0) -?> (7, 0) ==> (2, 0) -L> (7, 0) 
Writing:   (7, 0) <?- (2, 0) ==> (7, 0) <L- (2, 0) 
Writing:   (3, 0) -?> (7, 0) ==> (3, 0) -L> (7, 0) 
Writing:   (7, 0) <?- (3, 0) ==> (7, 0) <L- (3, 0) 
Writing:   (4, 0) -?> (7, 0) ==> (4, 0) -L> (7, 0) 
Writing:   (7, 0) <?- (4, 0) ==> (7, 0) <L- (4, 0) 
Writing:   (5, 0) -?> (7, 0) ==> (5, 0) -L> (7, 0) 
Writing:   (7, 0) <?- (5, 0) ==> (7, 0) <L- (5, 0) 
Writing:   (6, 0) -?> (7, 0) ==> (6, 0) -L> (7, 0) 
Writing:   (7, 0) <?- (6, 0) ==> (7, 0) <L- (6, 0) 

Starting test phase

p = 0
(7,-1) independent (7, 0) given () union {(7, -2), (2, -1), (4, 0), (3, -1), (5, -1), (2, 0), (1, -1), (6, -1), (3, 0), (1, -2), (5, 0), (6, 0), (4, -1)}
Writing:   (7,-1) -L> (7, 0) ==> (7,-1)     (7, 0) 

Test phase complete

Starting orientation phase
with rule list:  [['APR'], ['ER-08'], ['ER-02'], ['ER-01'], ['ER-09'], ['ER-10']]

APR:
Found nothing

ER-08:
Found nothing

ER-02:
Found nothing

ER-01:
Found nothing

ER-09:
Found nothing

ER-10:
Found nothing

Orientation phase complete
p = 1
Writing:   (0,-1) -L> (0, 0) ==> (0,-1) -!> (0, 0) 
Writing:   (0, 0) -L> (1, 0) ==> (0, 0) -!> (1, 0) 
Writing:   (1, 0) <L- (0, 0) ==> (1, 0) <!- (0, 0) 
Writing:   (0, 0) <R- (2, 0) ==> (0, 0) <!- (2, 0) 
Writing:   (2, 0) -R> (0, 0) ==> (2, 0) -!> (0, 0) 
Writing:   (0, 0) <R- (3, 0) ==> (0, 0) <!- (3, 0) 
Writing:   (3, 0) -R> (0, 0) ==> (3, 0) -!> (0, 0) 
Writing:   (0, 0) <R- (4, 0) ==> (0, 0) <!- (4, 0) 
Writing:   (4, 0) -R> (0, 0) ==> (4, 0) -!> (0, 0) 
Writing:   (0, 0) <R- (5, 0) ==> (0, 0) <!- (5, 0) 
Writing:   (5, 0) -R> (0, 0) ==> (5, 0) -!> (0, 0) 
Writing:   (1, 0) <R- (7, 0) ==> (1, 0) <!- (7, 0) 
Writing:   (7, 0) -R> (1, 0) ==> (7, 0) -!> (1, 0) 
Writing:   (2, 0) -L> (7, 0) ==> (2, 0) -!> (7, 0) 
Writing:   (7, 0) <L- (2, 0) ==> (7, 0) <!- (2, 0) 
Writing:   (3, 0) -L> (7, 0) ==> (3, 0) -!> (7, 0) 
Writing:   (7, 0) <L- (3, 0) ==> (7, 0) <!- (3, 0) 
Writing:   (4, 0) -L> (7, 0) ==> (4, 0) -!> (7, 0) 
Writing:   (7, 0) <L- (4, 0) ==> (7, 0) <!- (4, 0) 
Writing:   (5, 0) -L> (7, 0) ==> (5, 0) -!> (7, 0) 
Writing:   (7, 0) <L- (5, 0) ==> (7, 0) <!- (5, 0) 
Writing:   (6, 0) -L> (7, 0) ==> (6, 0) -!> (7, 0) 
Writing:   (7, 0) <L- (6, 0) ==> (7, 0) <!- (6, 0) 
Writing:   (0,-1) -L> (1, 0) ==> (0,-1) -!> (1, 0) 
Writing:   (1,-1) -L> (0, 0) ==> (1,-1) -!> (0, 0) 
Writing:   (1,-1) -L> (7, 0) ==> (1,-1) -!> (7, 0) 
Writing:   (7,-1) -L> (1, 0) ==> (7,-1) -!> (1, 0) 

Test phase complete

Starting orientation phase
with rule list:  [['APR'], ['ER-08'], ['ER-02'], ['ER-01'], ['ER-00-d'], ['ER-00-c'], ['ER-03'], ['R-04'], ['ER-09'], ['ER-10'], ['ER-00-b'], ['ER-00-a']]

APR:
Marked:    (1,-1) -!> (0, 0) ==> (1,-1) --> (0, 0) 
Marked:    (5, 0) -!> (0, 0) ==> (5, 0) --> (0, 0) 
Marked:    (4, 0) -!> (7, 0) ==> (4, 0) --> (7, 0) 
Marked:    (6, 0) -!> (7, 0) ==> (6, 0) --> (7, 0) 
Marked:    (3, 0) -!> (0, 0) ==> (3, 0) --> (0, 0) 
Marked:    (3, 0) -!> (7, 0) ==> (3, 0) --> (7, 0) 
Marked:    (0, 0) -!> (1, 0) ==> (0, 0) --> (1, 0) 
Marked:    (0,-1) -!> (0, 0) ==> (0,-1) --> (0, 0) 
Marked:    (7, 0) -!> (1, 0) ==> (7, 0) --> (1, 0) 
Marked:    (0,-1) -!> (1, 0) ==> (0,-1) --> (1, 0) 
Marked:    (2, 0) -!> (7, 0) ==> (2, 0) --> (7, 0) 
Marked:    (1,-1) -!> (7, 0) ==> (1,-1) --> (7, 0) 
Marked:    (7,-1) -!> (1, 0) ==> (7,-1) --> (1, 0) 
Marked:    (4, 0) -!> (0, 0) ==> (4, 0) --> (0, 0) 
Marked:    (5, 0) -!> (7, 0) ==> (5, 0) --> (7, 0) 
Marked:    (2, 0) -!> (0, 0) ==> (2, 0) --> (0, 0) 
Writing:   (0, 0) -!> (1, 0) ==> (0, 0) --> (1, 0) 
Writing:   (1, 0) <!- (0, 0) ==> (1, 0) <-- (0, 0) 
Writing:   (1,-1) -!> (7, 0) ==> (1,-1) --> (7, 0) 
Writing:   (3, 0) -!> (7, 0) ==> (3, 0) --> (7, 0) 
Writing:   (7, 0) <!- (3, 0) ==> (7, 0) <-- (3, 0) 
Writing:   (7, 0) -!> (1, 0) ==> (7, 0) --> (1, 0) 
Writing:   (1, 0) <!- (7, 0) ==> (1, 0) <-- (7, 0) 
Writing:   (4, 0) -!> (7, 0) ==> (4, 0) --> (7, 0) 
Writing:   (7, 0) <!- (4, 0) ==> (7, 0) <-- (4, 0) 
Writing:   (2, 0) -!> (0, 0) ==> (2, 0) --> (0, 0) 
Writing:   (0, 0) <!- (2, 0) ==> (0, 0) <-- (2, 0) 
Writing:   (0,-1) -!> (0, 0) ==> (0,-1) --> (0, 0) 
Writing:   (5, 0) -!> (7, 0) ==> (5, 0) --> (7, 0) 
Writing:   (7, 0) <!- (5, 0) ==> (7, 0) <-- (5, 0) 
Writing:   (0,-1) -!> (1, 0) ==> (0,-1) --> (1, 0) 
Writing:   (1,-1) -!> (0, 0) ==> (1,-1) --> (0, 0) 
Writing:   (7,-1) -!> (1, 0) ==> (7,-1) --> (1, 0) 
Writing:   (3, 0) -!> (0, 0) ==> (3, 0) --> (0, 0) 
Writing:   (0, 0) <!- (3, 0) ==> (0, 0) <-- (3, 0) 
Writing:   (4, 0) -!> (0, 0) ==> (4, 0) --> (0, 0) 
Writing:   (0, 0) <!- (4, 0) ==> (0, 0) <-- (4, 0) 
Writing:   (5, 0) -!> (0, 0) ==> (5, 0) --> (0, 0) 
Writing:   (0, 0) <!- (5, 0) ==> (0, 0) <-- (5, 0) 
Writing:   (2, 0) -!> (7, 0) ==> (2, 0) --> (7, 0) 
Writing:   (7, 0) <!- (2, 0) ==> (7, 0) <-- (2, 0) 
Writing:   (6, 0) -!> (7, 0) ==> (6, 0) --> (7, 0) 
Writing:   (7, 0) <!- (6, 0) ==> (7, 0) <-- (6, 0) 

APR:
Found nothing

ER-08:
Found nothing

ER-02:
Found nothing

ER-01:
Found nothing

ER-00-d:
Found nothing

ER-00-c:
Found nothing

ER-03:
Found nothing

R-04:
Found nothing

ER-09:
Found nothing

ER-10:
Found nothing

ER-00-b:
Found nothing

ER-00-a:
Found nothing

Orientation phase complete

Middle mark updates


Preliminary phase  1 complete

Graph:
--------------------------------
(0,-1) --> (0, 0)
(1,-1) --> (0, 0)
(0, 0) --> (1, 0)
(0,-1) --> (1, 0)
(7,-1) --> (1, 0)
(0, 0) <-- (2, 0)
(0, 0) <-- (3, 0)
(0, 0) <-- (4, 0)
(0, 0) <-- (5, 0)
(1, 0) <-- (7, 0)
(2, 0) --> (7, 0)
(3, 0) --> (7, 0)
(4, 0) --> (7, 0)
(5, 0) --> (7, 0)
(6, 0) --> (7, 0)
(1,-1) --> (7, 0)
--------------------------------
Writing:   (7,-1) oL> (1, 0) ==> (7,-1) -L> (1, 0) 
Update:    Marking (7, -1) as anc of (1, 0)
Writing:   (0,-1) oL> (1, 0) ==> (0,-1) -L> (1, 0) 
Update:    Marking (0, -1) as anc of (1, 0)

=======================================================
=======================================================
Starting final ancestral phase

Starting test phase

p = 0
(0, 0) independent (1, 0) given () union {(7, -1), (4, 0), (7, 0), (2, 0), (1, -1), (3, 0), (5, 0), (6, 0), (0, -1)}
(0, 0) independent (1, 0) given () union {(7, -1), (4, 0), (7, 0), (2, 0), (1, -1), (3, 0), (5, 0), (6, 0), (0, -1)}
(0, 0) independent (6, 0) given () union {(4, 0), (2, 0), (1, -1), (3, 0), (5, 0), (0, -1)}
(0, 0) independent (6, 0) given () union {(4, 0), (2, 0), (1, -1), (3, 0), (5, 0), (0, -1)}
Writing:   (0, 0) -?> (1, 0) ==> (0, 0)     (1, 0) 
Writing:   (1, 0) <?- (0, 0) ==> (1, 0)     (0, 0) 
Writing:   (0, 0) <?- (6, 0) ==> (0, 0)     (6, 0) 
Writing:   (6, 0) -?> (0, 0) ==> (6, 0)     (0, 0) 
(0,-1) independent (1, 0) given () union {(7, -1), (2, -1), (3, -1), (5, -1), (7, 0), (1, -2), (4, -1), (0, -2)}
(0,-1) independent (7, 0) given () union {(2, -1), (4, 0), (3, -1), (5, -1), (2, 0), (1, -1), (1, -2), (3, 0), (5, 0), (6, 0), (4, -1), (0, -2)}
(7,-1) independent (1, 0) given () union {(2, -1), (3, -1), (5, -1), (7, 0), (6, -1), (1, -2), (4, -1), (0, -1)}
Writing:   (0,-1) -L> (1, 0) ==> (0,-1)     (1, 0) 
Writing:   (7,-1) -L> (1, 0) ==> (7,-1)     (1, 0) 
Writing:   (0,-1) oL> (7, 0) ==> (0,-1)     (7, 0) 

Test phase complete

Starting orientation phase
with rule list:  [['APR'], ['ER-08'], ['ER-02'], ['ER-01'], ['ER-09'], ['ER-10']]

APR:
Found nothing

ER-08:
Marked:    (7,-1) oL> (7, 0) ==> (7,-1) -L> (7, 0) 
Writing:   (7,-1) oL> (7, 0) ==> (7,-1) -L> (7, 0) 
Update:    Marking (7, -1) as anc of (7, 0)

APR:
Found nothing

ER-08:
Found nothing

ER-02:
Found nothing

ER-01:
Found nothing

ER-09:
Found nothing

ER-10:
Found nothing

Orientation phase complete

Middle mark updates

Writing:   (2, 0) -?> (0, 0) ==> (2, 0) -R> (0, 0) 
Writing:   (0, 0) <?- (2, 0) ==> (0, 0) <R- (2, 0) 
Writing:   (3, 0) -?> (0, 0) ==> (3, 0) -R> (0, 0) 
Writing:   (0, 0) <?- (3, 0) ==> (0, 0) <R- (3, 0) 
Writing:   (4, 0) -?> (0, 0) ==> (4, 0) -R> (0, 0) 
Writing:   (0, 0) <?- (4, 0) ==> (0, 0) <R- (4, 0) 
Writing:   (5, 0) -?> (0, 0) ==> (5, 0) -R> (0, 0) 
Writing:   (0, 0) <?- (5, 0) ==> (0, 0) <R- (5, 0) 
Writing:   (7, 0) -?> (1, 0) ==> (7, 0) -R> (1, 0) 
Writing:   (1, 0) <?- (7, 0) ==> (1, 0) <R- (7, 0) 
Writing:   (2, 0) -?> (7, 0) ==> (2, 0) -L> (7, 0) 
Writing:   (7, 0) <?- (2, 0) ==> (7, 0) <L- (2, 0) 
Writing:   (3, 0) -?> (7, 0) ==> (3, 0) -L> (7, 0) 
Writing:   (7, 0) <?- (3, 0) ==> (7, 0) <L- (3, 0) 
Writing:   (4, 0) -?> (7, 0) ==> (4, 0) -L> (7, 0) 
Writing:   (7, 0) <?- (4, 0) ==> (7, 0) <L- (4, 0) 
Writing:   (5, 0) -?> (7, 0) ==> (5, 0) -L> (7, 0) 
Writing:   (7, 0) <?- (5, 0) ==> (7, 0) <L- (5, 0) 
Writing:   (6, 0) -?> (7, 0) ==> (6, 0) -L> (7, 0) 
Writing:   (7, 0) <?- (6, 0) ==> (7, 0) <L- (6, 0) 

Starting test phase

p = 0
(7,-1) independent (7, 0) given () union {(7, -2), (2, -1), (4, 0), (3, -1), (5, -1), (2, 0), (1, -1), (6, -1), (3, 0), (1, -2), (5, 0), (6, 0), (4, -1)}
Writing:   (7,-1) -L> (7, 0) ==> (7,-1)     (7, 0) 

Test phase complete

Starting orientation phase
with rule list:  [['APR'], ['ER-08'], ['ER-02'], ['ER-01'], ['ER-09'], ['ER-10']]

APR:
Found nothing

ER-08:
Found nothing

ER-02:
Found nothing

ER-01:
Found nothing

ER-09:
Found nothing

ER-10:
Found nothing

Orientation phase complete
p = 1
Writing:   (0,-1) -L> (0, 0) ==> (0,-1) -!> (0, 0) 
Writing:   (0, 0) <R- (2, 0) ==> (0, 0) <!- (2, 0) 
Writing:   (2, 0) -R> (0, 0) ==> (2, 0) -!> (0, 0) 
Writing:   (0, 0) <R- (3, 0) ==> (0, 0) <!- (3, 0) 
Writing:   (3, 0) -R> (0, 0) ==> (3, 0) -!> (0, 0) 
Writing:   (0, 0) <R- (4, 0) ==> (0, 0) <!- (4, 0) 
Writing:   (4, 0) -R> (0, 0) ==> (4, 0) -!> (0, 0) 
Writing:   (0, 0) <R- (5, 0) ==> (0, 0) <!- (5, 0) 
Writing:   (5, 0) -R> (0, 0) ==> (5, 0) -!> (0, 0) 
Writing:   (1, 0) <R- (7, 0) ==> (1, 0) <!- (7, 0) 
Writing:   (7, 0) -R> (1, 0) ==> (7, 0) -!> (1, 0) 
Writing:   (2, 0) -L> (7, 0) ==> (2, 0) -!> (7, 0) 
Writing:   (7, 0) <L- (2, 0) ==> (7, 0) <!- (2, 0) 
Writing:   (3, 0) -L> (7, 0) ==> (3, 0) -!> (7, 0) 
Writing:   (7, 0) <L- (3, 0) ==> (7, 0) <!- (3, 0) 
Writing:   (4, 0) -L> (7, 0) ==> (4, 0) -!> (7, 0) 
Writing:   (7, 0) <L- (4, 0) ==> (7, 0) <!- (4, 0) 
Writing:   (5, 0) -L> (7, 0) ==> (5, 0) -!> (7, 0) 
Writing:   (7, 0) <L- (5, 0) ==> (7, 0) <!- (5, 0) 
Writing:   (6, 0) -L> (7, 0) ==> (6, 0) -!> (7, 0) 
Writing:   (7, 0) <L- (6, 0) ==> (7, 0) <!- (6, 0) 
Writing:   (1,-1) -L> (0, 0) ==> (1,-1) -!> (0, 0) 
Writing:   (1,-1) -L> (7, 0) ==> (1,-1) -!> (7, 0) 

Test phase complete

Starting orientation phase
with rule list:  [['APR'], ['ER-08'], ['ER-02'], ['ER-01'], ['ER-00-d'], ['ER-00-c'], ['ER-03'], ['R-04'], ['ER-09'], ['ER-10'], ['ER-00-b'], ['ER-00-a']]

APR:
Marked:    (1,-1) -!> (0, 0) ==> (1,-1) --> (0, 0) 
Marked:    (5, 0) -!> (0, 0) ==> (5, 0) --> (0, 0) 
Marked:    (4, 0) -!> (7, 0) ==> (4, 0) --> (7, 0) 
Marked:    (6, 0) -!> (7, 0) ==> (6, 0) --> (7, 0) 
Marked:    (3, 0) -!> (0, 0) ==> (3, 0) --> (0, 0) 
Marked:    (3, 0) -!> (7, 0) ==> (3, 0) --> (7, 0) 
Marked:    (0,-1) -!> (0, 0) ==> (0,-1) --> (0, 0) 
Marked:    (7, 0) -!> (1, 0) ==> (7, 0) --> (1, 0) 
Marked:    (2, 0) -!> (7, 0) ==> (2, 0) --> (7, 0) 
Marked:    (1,-1) -!> (7, 0) ==> (1,-1) --> (7, 0) 
Marked:    (4, 0) -!> (0, 0) ==> (4, 0) --> (0, 0) 
Marked:    (5, 0) -!> (7, 0) ==> (5, 0) --> (7, 0) 
Marked:    (2, 0) -!> (0, 0) ==> (2, 0) --> (0, 0) 
Writing:   (1,-1) -!> (0, 0) ==> (1,-1) --> (0, 0) 
Writing:   (3, 0) -!> (0, 0) ==> (3, 0) --> (0, 0) 
Writing:   (0, 0) <!- (3, 0) ==> (0, 0) <-- (3, 0) 
Writing:   (1,-1) -!> (7, 0) ==> (1,-1) --> (7, 0) 
Writing:   (3, 0) -!> (7, 0) ==> (3, 0) --> (7, 0) 
Writing:   (7, 0) <!- (3, 0) ==> (7, 0) <-- (3, 0) 
Writing:   (4, 0) -!> (0, 0) ==> (4, 0) --> (0, 0) 
Writing:   (0, 0) <!- (4, 0) ==> (0, 0) <-- (4, 0) 
Writing:   (7, 0) -!> (1, 0) ==> (7, 0) --> (1, 0) 
Writing:   (1, 0) <!- (7, 0) ==> (1, 0) <-- (7, 0) 
Writing:   (4, 0) -!> (7, 0) ==> (4, 0) --> (7, 0) 
Writing:   (7, 0) <!- (4, 0) ==> (7, 0) <-- (4, 0) 
Writing:   (5, 0) -!> (0, 0) ==> (5, 0) --> (0, 0) 
Writing:   (0, 0) <!- (5, 0) ==> (0, 0) <-- (5, 0) 
Writing:   (2, 0) -!> (0, 0) ==> (2, 0) --> (0, 0) 
Writing:   (0, 0) <!- (2, 0) ==> (0, 0) <-- (2, 0) 
Writing:   (0,-1) -!> (0, 0) ==> (0,-1) --> (0, 0) 
Writing:   (5, 0) -!> (7, 0) ==> (5, 0) --> (7, 0) 
Writing:   (7, 0) <!- (5, 0) ==> (7, 0) <-- (5, 0) 
Writing:   (2, 0) -!> (7, 0) ==> (2, 0) --> (7, 0) 
Writing:   (7, 0) <!- (2, 0) ==> (7, 0) <-- (2, 0) 
Writing:   (6, 0) -!> (7, 0) ==> (6, 0) --> (7, 0) 
Writing:   (7, 0) <!- (6, 0) ==> (7, 0) <-- (6, 0) 

APR:
Found nothing

ER-08:
Found nothing

ER-02:
Found nothing

ER-01:
Found nothing

ER-00-d:
Found nothing

ER-00-c:
Found nothing

ER-03:
Found nothing

R-04:
Found nothing

ER-09:
Found nothing

ER-10:
Found nothing

ER-00-b:
Found nothing

ER-00-a:
Found nothing

Orientation phase complete

Middle mark updates


Final ancestral phase complete

Graph:
--------------------------------
(0,-1) --> (0, 0)
(1,-1) --> (0, 0)
(0, 0) <-- (2, 0)
(0, 0) <-- (3, 0)
(0, 0) <-- (4, 0)
(0, 0) <-- (5, 0)
(1, 0) <-- (7, 0)
(2, 0) --> (7, 0)
(3, 0) --> (7, 0)
(4, 0) --> (7, 0)
(5, 0) --> (7, 0)
(6, 0) --> (7, 0)
(1,-1) --> (7, 0)
--------------------------------

=======================================================
=======================================================
Starting non-ancestral phase

Middle mark updates


Starting test phase

p = 0

Test phase complete

Starting orientation phase
with rule list:  [['APR'], ['ER-08'], ['ER-02'], ['ER-01'], ['ER-00-d'], ['ER-00-c'], ['ER-03'], ['R-04'], ['ER-09'], ['ER-10'], ['ER-00-b'], ['ER-00-a']]

APR:
Found nothing

ER-08:
Found nothing

ER-02:
Found nothing

ER-01:
Found nothing

ER-00-d:
Found nothing

ER-00-c:
Found nothing

ER-03:
Found nothing

R-04:
Found nothing

ER-09:
Found nothing

ER-10:
Found nothing

ER-00-b:
Found nothing

ER-00-a:
Found nothing

Orientation phase complete

Non-ancestral phase complete

Graph:
--------------------------------
(0,-1) --> (0, 0)
(1,-1) --> (0, 0)
(0, 0) <-- (2, 0)
(0, 0) <-- (3, 0)
(0, 0) <-- (4, 0)
(0, 0) <-- (5, 0)
(1, 0) <-- (7, 0)
(2, 0) --> (7, 0)
(3, 0) --> (7, 0)
(4, 0) --> (7, 0)
(5, 0) --> (7, 0)
(6, 0) --> (7, 0)
(1,-1) --> (7, 0)
--------------------------------

=======================================================
=======================================================
Final rule application phase

Setting all middle marks to '-'

Starting orientation phase
with rule list:  [['APR'], ['ER-08'], ['ER-02'], ['ER-01'], ['ER-00-d'], ['ER-00-c'], ['ER-03'], ['R-04'], ['ER-09'], ['ER-10'], ['ER-00-b'], ['ER-00-a']]

APR:
Found nothing

ER-08:
Found nothing

ER-02:
Found nothing

ER-01:
Found nothing

ER-00-d:
Found nothing

ER-00-c:
Found nothing

ER-03:
Found nothing

R-04:
Found nothing

ER-09:
Found nothing

ER-10:
Found nothing

ER-00-b:
Found nothing

ER-00-a:
Found nothing

Orientation phase complete

=======================================================
=======================================================

LPCMCI has converged

Final graph:
--------------------------------
--------------------------------
(0,-1) --> (0, 0)
(1,-1) --> (0, 0)
(0, 0) <-- (2, 0)
(0, 0) <-- (3, 0)
(0, 0) <-- (4, 0)
(0, 0) <-- (5, 0)
(1, 0) <-- (7, 0)
(2, 0) --> (7, 0)
(3, 0) --> (7, 0)
(4, 0) --> (7, 0)
(5, 0) --> (7, 0)
(6, 0) --> (7, 0)
(1,-1) --> (7, 0)
--------------------------------
--------------------------------

Max search set: -1
Max na-pds set: -1

