0
{0: {(0, -1): '-?>', (1, 0): '<?-', (1, -1): '-?>', (2, 0): '-?>', (2, -1): '', (3, 0): '-?>', (3, -1): '', (4, 0): '-?>', (4, -1): '', (5, 0): '-?>', (5, -1): '', (6, 0): '-?>', (6, -1): '', (7, 0): '', (7, -1): ''}, 1: {(0, 0): '-?>', (0, -1): 'o?>', (1, -1): '', (2, 0): '', (2, -1): '', (3, 0): '', (3, -1): '', (4, 0): '', (4, -1): '', (5, 0): '', (5, -1): '', (6, 0): '', (6, -1): '', (7, 0): '-?>', (7, -1): 'o?>'}, 2: {(0, 0): '<?-', (0, -1): '', (1, 0): '', (1, -1): '', (2, -1): '-?>', (3, 0): 'o?o', (3, -1): 'o?>', (4, 0): 'o?o', (4, -1): 'o?>', (5, 0): 'o?o', (5, -1): 'o?>', (6, 0): 'o?o', (6, -1): 'o?>', (7, 0): '<?-', (7, -1): ''}, 3: {(0, 0): '<?-', (0, -1): '', (1, 0): '', (1, -1): '', (2, 0): 'o?o', (2, -1): 'o?>', (3, -1): '-?>', (4, 0): 'o?o', (4, -1): 'o?>', (5, 0): 'o?o', (5, -1): 'o?>', (6, 0): 'o?o', (6, -1): 'o?>', (7, 0): '<?-', (7, -1): ''}, 4: {(0, 0): '<?-', (0, -1): '', (1, 0): '', (1, -1): '', (2, 0): 'o?o', (2, -1): 'o?>', (3, 0): 'o?o', (3, -1): 'o?>', (4, -1): '-?>', (5, 0): 'o?o', (5, -1): 'o?>', (6, 0): 'o?o', (6, -1): 'o?>', (7, 0): '<?-', (7, -1): ''}, 5: {(0, 0): '<?-', (0, -1): '', (1, 0): '', (1, -1): '', (2, 0): 'o?o', (2, -1): 'o?>', (3, 0): 'o?o', (3, -1): 'o?>', (4, 0): 'o?o', (4, -1): 'o?>', (5, -1): '-?>', (6, 0): 'o?o', (6, -1): 'o?>', (7, 0): '<?-', (7, -1): ''}, 6: {(0, 0): '<?-', (0, -1): '', (1, 0): '', (1, -1): '', (2, 0): 'o?o', (2, -1): 'o?>', (3, 0): 'o?o', (3, -1): 'o?>', (4, 0): 'o?o', (4, -1): 'o?>', (5, 0): 'o?o', (5, -1): 'o?>', (6, -1): '-?>', (7, 0): '<?-', (7, -1): ''}, 7: {(0, 0): '', (0, -1): 'o?>', (1, 0): '<?-', (1, -1): '-?>', (2, 0): '-?>', (2, -1): '', (3, 0): '-?>', (3, -1): '', (4, 0): '-?>', (4, -1): '', (5, 0): '-?>', (5, -1): '', (6, 0): '-?>', (6, -1): '', (7, -1): 'o?>'}}

=======================================================
=======================================================
Starting preliminary phase  1

Starting test phase

p = 0
(0, 0) independent (1, 0) given () union {(4, 0), (7, 0), (2, 0), (1, -1), (3, 0), (5, 0), (6, 0), (0, -1)}
(0, 0) independent (1, 0) given () union {(4, 0), (7, 0), (2, 0), (1, -1), (3, 0), (5, 0), (6, 0), (0, -1)}
(0, 0) independent (5, 0) given () union {(4, 0), (5, -1), (2, 0), (1, -1), (3, 0), (6, 0), (0, -1)}
(0, 0) independent (5, 0) given () union {(4, 0), (5, -1), (2, 0), (1, -1), (3, 0), (6, 0), (0, -1)}
(4, 0) independent (7, 0) given () union {(2, 0), (1, -1), (3, 0), (5, 0), (6, 0), (4, -1)}
(4, 0) independent (7, 0) given () union {(2, 0), (1, -1), (3, 0), (5, 0), (6, 0), (4, -1)}
(5, 0) independent (7, 0) given () union {(4, 0), (5, -1), (2, 0), (1, -1), (3, 0), (6, 0)}
(5, 0) independent (7, 0) given () union {(4, 0), (5, -1), (2, 0), (1, -1), (3, 0), (6, 0)}
(6, 0) independent (7, 0) given () union {(4, 0), (6, -1), (1, -1), (2, 0), (3, 0), (5, 0)}
(6, 0) independent (7, 0) given () union {(4, 0), (2, 0), (1, -1), (6, -1), (3, 0), (5, 0)}
Writing:   (0, 0) -?> (1, 0) ==> (0, 0)     (1, 0) 
Writing:   (1, 0) <?- (0, 0) ==> (1, 0)     (0, 0) 
Writing:   (0, 0) <?- (5, 0) ==> (0, 0)     (5, 0) 
Writing:   (5, 0) -?> (0, 0) ==> (5, 0)     (0, 0) 
Writing:   (4, 0) -?> (7, 0) ==> (4, 0)     (7, 0) 
Writing:   (7, 0) <?- (4, 0) ==> (7, 0)     (4, 0) 
Writing:   (5, 0) -?> (7, 0) ==> (5, 0)     (7, 0) 
Writing:   (7, 0) <?- (5, 0) ==> (7, 0)     (5, 0) 
Writing:   (6, 0) -?> (7, 0) ==> (6, 0)     (7, 0) 
Writing:   (7, 0) <?- (6, 0) ==> (7, 0)     (6, 0) 
(0,-1) independent (1, 0) given () union {(2, -1), (3, -1), (7, 0), (6, -1), (1, -2), (4, -1), (0, -2)}
(2,-1) independent (5, 0) given () union {(5, -1), (2, -2)}
(4,-1) independent (5, 0) given () union {(4, -2), (5, -1)}
Writing:   (0,-1) oL> (1, 0) ==> (0,-1)     (1, 0) 
Writing:   (2,-1) oL> (5, 0) ==> (2,-1)     (5, 0) 
Writing:   (4,-1) oL> (5, 0) ==> (4,-1)     (5, 0) 

Test phase complete

Starting orientation phase
with rule list:  [['APR'], ['ER-08'], ['ER-02'], ['ER-01'], ['ER-09'], ['ER-10']]

APR:
Found nothing

ER-08:
Marked:    (7,-1) oL> (7, 0) ==> (7,-1) -L> (7, 0) 
Writing:   (7,-1) oL> (7, 0) ==> (7,-1) -L> (7, 0) 
Update:    Marking (7, -1) as anc of (7, 0)

APR:
Found nothing

ER-08:
Marked:    (7,-1) oL> (1, 0) ==> (7,-1) -L> (1, 0) 
Writing:   (7,-1) oL> (1, 0) ==> (7,-1) -L> (1, 0) 
Update:    Marking (7, -1) as anc of (1, 0)

APR:
Found nothing

ER-08:
Found nothing

ER-02:
Found nothing

ER-01:
Found nothing

ER-09:
Found nothing

ER-10:
Found nothing

Orientation phase complete

Middle mark updates

Writing:   (2, 0) -?> (0, 0) ==> (2, 0) -R> (0, 0) 
Writing:   (0, 0) <?- (2, 0) ==> (0, 0) <R- (2, 0) 
Writing:   (3, 0) -?> (0, 0) ==> (3, 0) -R> (0, 0) 
Writing:   (0, 0) <?- (3, 0) ==> (0, 0) <R- (3, 0) 
Writing:   (4, 0) -?> (0, 0) ==> (4, 0) -R> (0, 0) 
Writing:   (0, 0) <?- (4, 0) ==> (0, 0) <R- (4, 0) 
Writing:   (6, 0) -?> (0, 0) ==> (6, 0) -R> (0, 0) 
Writing:   (0, 0) <?- (6, 0) ==> (0, 0) <R- (6, 0) 
Writing:   (7, 0) -?> (1, 0) ==> (7, 0) -R> (1, 0) 
Writing:   (1, 0) <?- (7, 0) ==> (1, 0) <R- (7, 0) 
Writing:   (2, 0) -?> (7, 0) ==> (2, 0) -L> (7, 0) 
Writing:   (7, 0) <?- (2, 0) ==> (7, 0) <L- (2, 0) 
Writing:   (3, 0) -?> (7, 0) ==> (3, 0) -L> (7, 0) 
Writing:   (7, 0) <?- (3, 0) ==> (7, 0) <L- (3, 0) 

Starting test phase

p = 0
(7,-1) independent (7, 0) given () union {(7, -2), (2, -1), (3, -1), (2, 0), (1, -1), (1, -2), (3, 0)}
Writing:   (7,-1) -L> (7, 0) ==> (7,-1)     (7, 0) 
(1,-1) independent (0, 0) given () union {(7, -1), (7, -2), (4, 0), (2, 0), (3, 0), (6, 0), (0, -1)}
Writing:   (1,-1) -L> (0, 0) ==> (1,-1)     (0, 0) 

Test phase complete

Starting orientation phase
with rule list:  [['APR'], ['ER-08'], ['ER-02'], ['ER-01'], ['ER-09'], ['ER-10']]

APR:
Found nothing

ER-08:
Found nothing

ER-02:
Found nothing

ER-01:
Found nothing

ER-09:
Found nothing

ER-10:
Found nothing

Orientation phase complete
p = 1
Writing:   (0,-1) -L> (0, 0) ==> (0,-1) -!> (0, 0) 
(6,-1) independent (6, 0) given ((4, 0),) union {(6, -2)}
Writing:   (6,-1) -L> (6, 0) ==> (6,-1)     (6, 0) 
Writing:   (0, 0) <R- (2, 0) ==> (0, 0) <!- (2, 0) 
Writing:   (2, 0) -R> (0, 0) ==> (2, 0) -!> (0, 0) 
Writing:   (0, 0) <R- (3, 0) ==> (0, 0) <!- (3, 0) 
Writing:   (3, 0) -R> (0, 0) ==> (3, 0) -!> (0, 0) 
Writing:   (0, 0) <R- (4, 0) ==> (0, 0) <!- (4, 0) 
Writing:   (4, 0) -R> (0, 0) ==> (4, 0) -!> (0, 0) 
Writing:   (0, 0) <R- (6, 0) ==> (0, 0) <!- (6, 0) 
Writing:   (6, 0) -R> (0, 0) ==> (6, 0) -!> (0, 0) 
Writing:   (1, 0) <R- (7, 0) ==> (1, 0) <!- (7, 0) 
Writing:   (7, 0) -R> (1, 0) ==> (7, 0) -!> (1, 0) 
Writing:   (0,-1) oL> (7, 0) ==> (0,-1) o!> (7, 0) 
(3,-1) independent (2, 0) given ((3, 0),) union {(2, -1), (3, -2)}
(3,-1) independent (4, 0) given ((5, 0),) union {(4, -1), (3, -2)}
(4,-1) independent (3, 0) given ((5, 0),) union {(4, -2), (3, -1)}
(4,-1) independent (6, 0) given ((2, -1),) union {(4, -2)}
(5,-1) independent (2, 0) given ((3, -1),) union {(2, -1), (5, -2)}
(5,-1) independent (3, 0) given ((2, 0),) union {(5, -2), (3, -1)}
(5,-1) independent (4, 0) given ((2, 0),) union {(4, -1), (5, -2)}
(5,-1) independent (6, 0) given ((2, -1),) union {(5, -2)}
(6,-1) independent (2, 0) given ((5, 0),) union {(2, -1)}
(6,-1) independent (3, 0) given ((5, -1),) union {(3, -1)}
(6,-1) independent (4, 0) given ((2, 0),) union {(4, -1)}
(6,-1) independent (5, 0) given ((2, 0),) union {(5, -1)}
Writing:   (7,-1) -L> (1, 0) ==> (7,-1) -!> (1, 0) 
Writing:   (3,-1) oL> (2, 0) ==> (3,-1)     (2, 0) 
Writing:   (5,-1) oL> (2, 0) ==> (5,-1)     (2, 0) 
Writing:   (6,-1) oL> (2, 0) ==> (6,-1)     (2, 0) 
Writing:   (4,-1) oL> (3, 0) ==> (4,-1)     (3, 0) 
Writing:   (5,-1) oL> (3, 0) ==> (5,-1)     (3, 0) 
Writing:   (6,-1) oL> (3, 0) ==> (6,-1)     (3, 0) 
Writing:   (3,-1) oL> (4, 0) ==> (3,-1)     (4, 0) 
Writing:   (5,-1) oL> (4, 0) ==> (5,-1)     (4, 0) 
Writing:   (6,-1) oL> (4, 0) ==> (6,-1)     (4, 0) 
Writing:   (6,-1) oL> (5, 0) ==> (6,-1)     (5, 0) 
Writing:   (4,-1) oL> (6, 0) ==> (4,-1)     (6, 0) 
Writing:   (5,-1) oL> (6, 0) ==> (5,-1)     (6, 0) 

Test phase complete

Starting orientation phase
with rule list:  [['APR'], ['ER-08'], ['ER-02'], ['ER-01'], ['ER-09'], ['ER-10']]

APR:
Marked:    (7,-1) -!> (1, 0) ==> (7,-1) --> (1, 0) 
