0
{0: {(0, -1): '-?>', (1, 0): '<?-', (1, -1): '-?>', (2, 0): '-?>', (2, -1): '', (3, 0): '-?>', (3, -1): '', (4, 0): '-?>', (4, -1): '', (5, 0): '-?>', (5, -1): '', (6, 0): '-?>', (6, -1): '', (7, 0): '', (7, -1): ''}, 1: {(0, 0): '-?>', (0, -1): 'o?>', (1, -1): '', (2, 0): '', (2, -1): '', (3, 0): '', (3, -1): '', (4, 0): '', (4, -1): '', (5, 0): '', (5, -1): '', (6, 0): '', (6, -1): '', (7, 0): '-?>', (7, -1): 'o?>'}, 2: {(0, 0): '<?-', (0, -1): '', (1, 0): '', (1, -1): '', (2, -1): '-?>', (3, 0): 'o?o', (3, -1): 'o?>', (4, 0): 'o?o', (4, -1): 'o?>', (5, 0): 'o?o', (5, -1): 'o?>', (6, 0): 'o?o', (6, -1): 'o?>', (7, 0): '<?-', (7, -1): ''}, 3: {(0, 0): '<?-', (0, -1): '', (1, 0): '', (1, -1): '', (2, 0): 'o?o', (2, -1): 'o?>', (3, -1): '-?>', (4, 0): 'o?o', (4, -1): 'o?>', (5, 0): 'o?o', (5, -1): 'o?>', (6, 0): 'o?o', (6, -1): 'o?>', (7, 0): '<?-', (7, -1): ''}, 4: {(0, 0): '<?-', (0, -1): '', (1, 0): '', (1, -1): '', (2, 0): 'o?o', (2, -1): 'o?>', (3, 0): 'o?o', (3, -1): 'o?>', (4, -1): '-?>', (5, 0): 'o?o', (5, -1): 'o?>', (6, 0): 'o?o', (6, -1): 'o?>', (7, 0): '<?-', (7, -1): ''}, 5: {(0, 0): '<?-', (0, -1): '', (1, 0): '', (1, -1): '', (2, 0): 'o?o', (2, -1): 'o?>', (3, 0): 'o?o', (3, -1): 'o?>', (4, 0): 'o?o', (4, -1): 'o?>', (5, -1): '-?>', (6, 0): 'o?o', (6, -1): 'o?>', (7, 0): '<?-', (7, -1): ''}, 6: {(0, 0): '<?-', (0, -1): '', (1, 0): '', (1, -1): '', (2, 0): 'o?o', (2, -1): 'o?>', (3, 0): 'o?o', (3, -1): 'o?>', (4, 0): 'o?o', (4, -1): 'o?>', (5, 0): 'o?o', (5, -1): 'o?>', (6, -1): '-?>', (7, 0): '<?-', (7, -1): ''}, 7: {(0, 0): '', (0, -1): 'o?>', (1, 0): '<?-', (1, -1): '-?>', (2, 0): '-?>', (2, -1): '', (3, 0): '-?>', (3, -1): '', (4, 0): '-?>', (4, -1): '', (5, 0): '-?>', (5, -1): '', (6, 0): '-?>', (6, -1): '', (7, -1): 'o?>'}}

=======================================================
=======================================================
Starting preliminary phase  1

Starting test phase

p = 0
(0, 0) independent (1, 0) given () union {(4, 0), (7, 0), (2, 0), (1, -1), (3, 0), (5, 0), (6, 0), (0, -1)}
(0, 0) independent (1, 0) given () union {(4, 0), (7, 0), (2, 0), (1, -1), (3, 0), (5, 0), (6, 0), (0, -1)}
(0, 0) independent (5, 0) given () union {(4, 0), (5, -1), (2, 0), (1, -1), (3, 0), (6, 0), (0, -1)}
(0, 0) independent (5, 0) given () union {(4, 0), (5, -1), (2, 0), (1, -1), (3, 0), (6, 0), (0, -1)}
(4, 0) independent (7, 0) given () union {(2, 0), (1, -1), (3, 0), (5, 0), (6, 0), (4, -1)}
(4, 0) independent (7, 0) given () union {(2, 0), (1, -1), (3, 0), (5, 0), (6, 0), (4, -1)}
(5, 0) independent (7, 0) given () union {(4, 0), (5, -1), (2, 0), (1, -1), (3, 0), (6, 0)}
(5, 0) independent (7, 0) given () union {(4, 0), (5, -1), (2, 0), (1, -1), (3, 0), (6, 0)}
(6, 0) independent (7, 0) given () union {(4, 0), (6, -1), (1, -1), (2, 0), (3, 0), (5, 0)}
(6, 0) independent (7, 0) given () union {(4, 0), (2, 0), (1, -1), (6, -1), (3, 0), (5, 0)}
Writing:   (0, 0) -?> (1, 0) ==> (0, 0)     (1, 0) 
Writing:   (1, 0) <?- (0, 0) ==> (1, 0)     (0, 0) 
Writing:   (0, 0) <?- (5, 0) ==> (0, 0)     (5, 0) 
Writing:   (5, 0) -?> (0, 0) ==> (5, 0)     (0, 0) 
Writing:   (4, 0) -?> (7, 0) ==> (4, 0)     (7, 0) 
Writing:   (7, 0) <?- (4, 0) ==> (7, 0)     (4, 0) 
Writing:   (5, 0) -?> (7, 0) ==> (5, 0)     (7, 0) 
Writing:   (7, 0) <?- (5, 0) ==> (7, 0)     (5, 0) 
Writing:   (6, 0) -?> (7, 0) ==> (6, 0)     (7, 0) 
Writing:   (7, 0) <?- (6, 0) ==> (7, 0)     (6, 0) 
(0,-1) independent (1, 0) given () union {(2, -1), (3, -1), (7, 0), (6, -1), (1, -2), (4, -1), (0, -2)}
(2,-1) independent (5, 0) given () union {(5, -1), (2, -2)}
(4,-1) independent (5, 0) given () union {(4, -2), (5, -1)}
Writing:   (0,-1) oL> (1, 0) ==> (0,-1)     (1, 0) 
Writing:   (2,-1) oL> (5, 0) ==> (2,-1)     (5, 0) 
Writing:   (4,-1) oL> (5, 0) ==> (4,-1)     (5, 0) 

Test phase complete

Starting orientation phase
with rule list:  [['APR'], ['ER-08'], ['ER-02'], ['ER-01'], ['ER-09'], ['ER-10']]

APR:
Found nothing

ER-08:
Marked:    (7,-1) oL> (7, 0) ==> (7,-1) -L> (7, 0) 
Writing:   (7,-1) oL> (7, 0) ==> (7,-1) -L> (7, 0) 
Update:    Marking (7, -1) as anc of (7, 0)

APR:
Found nothing

ER-08:
Marked:    (7,-1) oL> (1, 0) ==> (7,-1) -L> (1, 0) 
Writing:   (7,-1) oL> (1, 0) ==> (7,-1) -L> (1, 0) 
Update:    Marking (7, -1) as anc of (1, 0)

APR:
Found nothing

ER-08:
Found nothing

ER-02:
Found nothing

ER-01:
Found nothing

ER-09:
Found nothing

ER-10:
Found nothing

Orientation phase complete

Middle mark updates

Writing:   (2, 0) -?> (0, 0) ==> (2, 0) -R> (0, 0) 
Writing:   (0, 0) <?- (2, 0) ==> (0, 0) <R- (2, 0) 
Writing:   (3, 0) -?> (0, 0) ==> (3, 0) -R> (0, 0) 
Writing:   (0, 0) <?- (3, 0) ==> (0, 0) <R- (3, 0) 
Writing:   (4, 0) -?> (0, 0) ==> (4, 0) -R> (0, 0) 
Writing:   (0, 0) <?- (4, 0) ==> (0, 0) <R- (4, 0) 
Writing:   (6, 0) -?> (0, 0) ==> (6, 0) -R> (0, 0) 
Writing:   (0, 0) <?- (6, 0) ==> (0, 0) <R- (6, 0) 
Writing:   (7, 0) -?> (1, 0) ==> (7, 0) -R> (1, 0) 
Writing:   (1, 0) <?- (7, 0) ==> (1, 0) <R- (7, 0) 
Writing:   (2, 0) -?> (7, 0) ==> (2, 0) -L> (7, 0) 
Writing:   (7, 0) <?- (2, 0) ==> (7, 0) <L- (2, 0) 
Writing:   (3, 0) -?> (7, 0) ==> (3, 0) -L> (7, 0) 
Writing:   (7, 0) <?- (3, 0) ==> (7, 0) <L- (3, 0) 

Starting test phase

p = 0
(7,-1) independent (7, 0) given () union {(7, -2), (2, -1), (3, -1), (2, 0), (1, -1), (1, -2), (3, 0)}
Writing:   (7,-1) -L> (7, 0) ==> (7,-1)     (7, 0) 
(1,-1) independent (0, 0) given () union {(7, -1), (7, -2), (4, 0), (2, 0), (3, 0), (6, 0), (0, -1)}
Writing:   (1,-1) -L> (0, 0) ==> (1,-1)     (0, 0) 

Test phase complete

Starting orientation phase
with rule list:  [['APR'], ['ER-08'], ['ER-02'], ['ER-01'], ['ER-09'], ['ER-10']]

APR:
Found nothing

ER-08:
Found nothing

ER-02:
Found nothing

ER-01:
Found nothing

ER-09:
Found nothing

ER-10:
Found nothing

Orientation phase complete
p = 1
Writing:   (0,-1) -L> (0, 0) ==> (0,-1) -!> (0, 0) 
(6,-1) independent (6, 0) given ((4, 0),) union {(6, -2)}
Writing:   (6,-1) -L> (6, 0) ==> (6,-1)     (6, 0) 
Writing:   (0, 0) <R- (2, 0) ==> (0, 0) <!- (2, 0) 
Writing:   (2, 0) -R> (0, 0) ==> (2, 0) -!> (0, 0) 
Writing:   (0, 0) <R- (3, 0) ==> (0, 0) <!- (3, 0) 
Writing:   (3, 0) -R> (0, 0) ==> (3, 0) -!> (0, 0) 
Writing:   (0, 0) <R- (4, 0) ==> (0, 0) <!- (4, 0) 
Writing:   (4, 0) -R> (0, 0) ==> (4, 0) -!> (0, 0) 
Writing:   (0, 0) <R- (6, 0) ==> (0, 0) <!- (6, 0) 
Writing:   (6, 0) -R> (0, 0) ==> (6, 0) -!> (0, 0) 
Writing:   (1, 0) <R- (7, 0) ==> (1, 0) <!- (7, 0) 
Writing:   (7, 0) -R> (1, 0) ==> (7, 0) -!> (1, 0) 
Writing:   (0,-1) oL> (7, 0) ==> (0,-1) o!> (7, 0) 
(3,-1) independent (2, 0) given ((3, 0),) union {(2, -1), (3, -2)}
(3,-1) independent (4, 0) given ((5, 0),) union {(4, -1), (3, -2)}
(4,-1) independent (3, 0) given ((5, 0),) union {(4, -2), (3, -1)}
(4,-1) independent (6, 0) given ((2, -1),) union {(4, -2)}
(5,-1) independent (2, 0) given ((3, -1),) union {(2, -1), (5, -2)}
(5,-1) independent (3, 0) given ((2, 0),) union {(5, -2), (3, -1)}
(5,-1) independent (4, 0) given ((2, 0),) union {(4, -1), (5, -2)}
(5,-1) independent (6, 0) given ((2, -1),) union {(5, -2)}
(6,-1) independent (2, 0) given ((5, 0),) union {(2, -1)}
(6,-1) independent (3, 0) given ((5, -1),) union {(3, -1)}
(6,-1) independent (4, 0) given ((2, 0),) union {(4, -1)}
(6,-1) independent (5, 0) given ((2, 0),) union {(5, -1)}
Writing:   (7,-1) -L> (1, 0) ==> (7,-1) -!> (1, 0) 
Writing:   (3,-1) oL> (2, 0) ==> (3,-1)     (2, 0) 
Writing:   (5,-1) oL> (2, 0) ==> (5,-1)     (2, 0) 
Writing:   (6,-1) oL> (2, 0) ==> (6,-1)     (2, 0) 
Writing:   (4,-1) oL> (3, 0) ==> (4,-1)     (3, 0) 
Writing:   (5,-1) oL> (3, 0) ==> (5,-1)     (3, 0) 
Writing:   (6,-1) oL> (3, 0) ==> (6,-1)     (3, 0) 
Writing:   (3,-1) oL> (4, 0) ==> (3,-1)     (4, 0) 
Writing:   (5,-1) oL> (4, 0) ==> (5,-1)     (4, 0) 
Writing:   (6,-1) oL> (4, 0) ==> (6,-1)     (4, 0) 
Writing:   (6,-1) oL> (5, 0) ==> (6,-1)     (5, 0) 
Writing:   (4,-1) oL> (6, 0) ==> (4,-1)     (6, 0) 
Writing:   (5,-1) oL> (6, 0) ==> (5,-1)     (6, 0) 

Test phase complete

Starting orientation phase
with rule list:  [['APR'], ['ER-08'], ['ER-02'], ['ER-01'], ['ER-09'], ['ER-10']]

APR:
Marked:    (0,-1) -!> (0, 0) ==> (0,-1) --> (0, 0) 
Marked:    (7,-1) -!> (1, 0) ==> (7,-1) --> (1, 0) 
Writing:   (0,-1) -!> (0, 0) ==> (0,-1) --> (0, 0) 
Writing:   (7,-1) -!> (1, 0) ==> (7,-1) --> (1, 0) 

APR:
Found nothing

ER-08:
Found nothing

ER-02:
Found nothing

ER-01:
Found nothing

ER-09:
Found nothing

ER-10:
Found nothing

Orientation phase complete

Middle mark updates


Starting test phase

p = 0

Test phase complete
p = 1

Test phase complete
p = 2
(2,-1) independent (2, 0) given ((5, 0), (3, 0)) union {(2, -2)}
(4,-1) independent (4, 0) given ((2, 0), (5, 0)) union {(4, -2)}
Writing:   (2,-1) -L> (2, 0) ==> (2,-1)     (2, 0) 
Writing:   (4,-1) -L> (4, 0) ==> (4,-1)     (4, 0) 
Writing:   (2, 0) -L> (7, 0) ==> (2, 0) -!> (7, 0) 
Writing:   (7, 0) <L- (2, 0) ==> (7, 0) <!- (2, 0) 
Writing:   (3, 0) -L> (7, 0) ==> (3, 0) -!> (7, 0) 
Writing:   (7, 0) <L- (3, 0) ==> (7, 0) <!- (3, 0) 
Writing:   (1,-1) -L> (7, 0) ==> (1,-1) -!> (7, 0) 
(2,-1) independent (3, 0) given ((2, 0), (6, 0)) union {(3, -1)}
(3,-1) independent (5, 0) given ((2, 0), (3, 0)) union {(5, -1), (3, -2)}
Writing:   (2,-1) oL> (3, 0) ==> (2,-1)     (3, 0) 
Writing:   (3,-1) oL> (5, 0) ==> (3,-1)     (5, 0) 

Test phase complete

Starting orientation phase
with rule list:  [['APR'], ['ER-08'], ['ER-02'], ['ER-01'], ['ER-09'], ['ER-10']]

APR:
Marked:    (1,-1) -!> (7, 0) ==> (1,-1) --> (7, 0) 
Writing:   (1,-1) -!> (7, 0) ==> (1,-1) --> (7, 0) 

APR:
Found nothing

ER-08:
Found nothing

ER-02:
Found nothing

ER-01:
Found nothing

ER-09:
Found nothing

ER-10:
Found nothing

Orientation phase complete

Middle mark updates


Starting test phase

p = 0

Test phase complete
p = 1

Test phase complete
p = 2

Test phase complete
p = 3
(3,-1) independent (6, 0) given ((4, 0), (5, 0), (2, 0)) union {(3, -2)}
Writing:   (3,-1) oL> (6, 0) ==> (3,-1)     (6, 0) 

Test phase complete

Starting orientation phase
with rule list:  [['APR'], ['ER-08'], ['ER-02'], ['ER-01'], ['ER-09'], ['ER-10']]

APR:
Found nothing

ER-08:
Found nothing

ER-02:
Found nothing

ER-01:
Found nothing

ER-09:
Found nothing

ER-10:
Found nothing

Orientation phase complete
p = 4
Writing:   (2, 0) o?o (3, 0) ==> (2, 0) oRo (3, 0) 
Writing:   (3, 0) o?o (2, 0) ==> (3, 0) oRo (2, 0) 
Writing:   (2, 0) o?o (5, 0) ==> (2, 0) oRo (5, 0) 
Writing:   (5, 0) o?o (2, 0) ==> (5, 0) oRo (2, 0) 
Writing:   (3, 0) o?o (4, 0) ==> (3, 0) oLo (4, 0) 
Writing:   (4, 0) o?o (3, 0) ==> (4, 0) oLo (3, 0) 
Writing:   (3, 0) o?o (5, 0) ==> (3, 0) oRo (5, 0) 
Writing:   (5, 0) o?o (3, 0) ==> (5, 0) oRo (3, 0) 
Writing:   (3, 0) oRo (5, 0) ==> (3, 0) o!o (5, 0) 
Writing:   (5, 0) oRo (3, 0) ==> (5, 0) o!o (3, 0) 
Writing:   (3, 0) o?o (6, 0) ==> (3, 0) oLo (6, 0) 
Writing:   (6, 0) o?o (3, 0) ==> (6, 0) oLo (3, 0) 
Writing:   (4, 0) o?o (5, 0) ==> (4, 0) oRo (5, 0) 
Writing:   (5, 0) o?o (4, 0) ==> (5, 0) oRo (4, 0) 
Writing:   (5, 0) o?o (6, 0) ==> (5, 0) oLo (6, 0) 
Writing:   (6, 0) o?o (5, 0) ==> (6, 0) oLo (5, 0) 
(2,-1) independent (6, 0) given ((4, 0), (5, 0), (2, 0), (3, 0)) union set()
Writing:   (2,-1) oL> (6, 0) ==> (2,-1)     (6, 0) 

Test phase complete

Starting orientation phase
with rule list:  [['APR'], ['ER-08'], ['ER-02'], ['ER-01'], ['ER-09'], ['ER-10']]

APR:
Found nothing

ER-08:
Found nothing

ER-02:
Found nothing

ER-01:
Found nothing

ER-09:
Found nothing

ER-10:
Found nothing

Orientation phase complete
p = 5
Writing:   (3,-1) -L> (3, 0) ==> (3,-1) -!> (3, 0) 
Writing:   (5,-1) -L> (5, 0) ==> (5,-1) -!> (5, 0) 
Writing:   (2, 0) oRo (3, 0) ==> (2, 0) o!o (3, 0) 
Writing:   (3, 0) oRo (2, 0) ==> (3, 0) o!o (2, 0) 
Writing:   (2, 0) o?o (4, 0) ==> (2, 0) oRo (4, 0) 
Writing:   (4, 0) o?o (2, 0) ==> (4, 0) oRo (2, 0) 
Writing:   (2, 0) oRo (4, 0) ==> (2, 0) o!o (4, 0) 
Writing:   (4, 0) oRo (2, 0) ==> (4, 0) o!o (2, 0) 
Writing:   (2, 0) oRo (5, 0) ==> (2, 0) o!o (5, 0) 
Writing:   (5, 0) oRo (2, 0) ==> (5, 0) o!o (2, 0) 
Writing:   (2, 0) o?o (6, 0) ==> (2, 0) oRo (6, 0) 
Writing:   (6, 0) o?o (2, 0) ==> (6, 0) oRo (2, 0) 
Writing:   (2, 0) oRo (6, 0) ==> (2, 0) o!o (6, 0) 
Writing:   (6, 0) oRo (2, 0) ==> (6, 0) o!o (2, 0) 
Writing:   (3, 0) oLo (4, 0) ==> (3, 0) o!o (4, 0) 
Writing:   (4, 0) oLo (3, 0) ==> (4, 0) o!o (3, 0) 
Writing:   (3, 0) oLo (6, 0) ==> (3, 0) o!o (6, 0) 
Writing:   (6, 0) oLo (3, 0) ==> (6, 0) o!o (3, 0) 
Writing:   (4, 0) oRo (5, 0) ==> (4, 0) o!o (5, 0) 
Writing:   (5, 0) oRo (4, 0) ==> (5, 0) o!o (4, 0) 
Writing:   (4, 0) o?o (6, 0) ==> (4, 0) oRo (6, 0) 
Writing:   (6, 0) o?o (4, 0) ==> (6, 0) oRo (4, 0) 
Writing:   (4, 0) oRo (6, 0) ==> (4, 0) o!o (6, 0) 
Writing:   (6, 0) oRo (4, 0) ==> (6, 0) o!o (4, 0) 
Writing:   (5, 0) oLo (6, 0) ==> (5, 0) o!o (6, 0) 
Writing:   (6, 0) oLo (5, 0) ==> (6, 0) o!o (5, 0) 
Writing:   (2,-1) oL> (4, 0) ==> (2,-1) o!> (4, 0) 
Writing:   (4,-1) oL> (2, 0) ==> (4,-1) o!> (2, 0) 

Test phase complete

Starting orientation phase
with rule list:  [['APR'], ['ER-08'], ['ER-02'], ['ER-01'], ['ER-00-d'], ['ER-00-c'], ['ER-03'], ['R-04'], ['ER-09'], ['ER-10'], ['ER-00-b'], ['ER-00-a']]

APR:
Marked:    (7, 0) -!> (1, 0) ==> (7, 0) --> (1, 0) 
Marked:    (3, 0) -!> (7, 0) ==> (3, 0) --> (7, 0) 
Marked:    (4, 0) -!> (0, 0) ==> (4, 0) --> (0, 0) 
Marked:    (2, 0) -!> (7, 0) ==> (2, 0) --> (7, 0) 
Marked:    (2, 0) -!> (0, 0) ==> (2, 0) --> (0, 0) 
Marked:    (6, 0) -!> (0, 0) ==> (6, 0) --> (0, 0) 
Marked:    (3,-1) -!> (3, 0) ==> (3,-1) --> (3, 0) 
Marked:    (5,-1) -!> (5, 0) ==> (5,-1) --> (5, 0) 
Marked:    (3, 0) -!> (0, 0) ==> (3, 0) --> (0, 0) 
Writing:   (6, 0) -!> (0, 0) ==> (6, 0) --> (0, 0) 
Writing:   (0, 0) <!- (6, 0) ==> (0, 0) <-- (6, 0) 
Writing:   (3, 0) -!> (0, 0) ==> (3, 0) --> (0, 0) 
Writing:   (0, 0) <!- (3, 0) ==> (0, 0) <-- (3, 0) 
Writing:   (5,-1) -!> (5, 0) ==> (5,-1) --> (5, 0) 
Writing:   (3, 0) -!> (7, 0) ==> (3, 0) --> (7, 0) 
Writing:   (7, 0) <!- (3, 0) ==> (7, 0) <-- (3, 0) 
Writing:   (4, 0) -!> (0, 0) ==> (4, 0) --> (0, 0) 
Writing:   (0, 0) <!- (4, 0) ==> (0, 0) <-- (4, 0) 
Writing:   (7, 0) -!> (1, 0) ==> (7, 0) --> (1, 0) 
Writing:   (1, 0) <!- (7, 0) ==> (1, 0) <-- (7, 0) 
Writing:   (2, 0) -!> (0, 0) ==> (2, 0) --> (0, 0) 
Writing:   (0, 0) <!- (2, 0) ==> (0, 0) <-- (2, 0) 
Writing:   (2, 0) -!> (7, 0) ==> (2, 0) --> (7, 0) 
Writing:   (7, 0) <!- (2, 0) ==> (7, 0) <-- (2, 0) 
Writing:   (3,-1) -!> (3, 0) ==> (3,-1) --> (3, 0) 

APR:
Found nothing

ER-08:
Found nothing

ER-02:
Found nothing

ER-01:
Marked:    (3, 0) o!o (2, 0) ==> (3, 0) -!> (2, 0) 
Marked:    (4, 0) o!o (6, 0) ==> (4, 0) -!> (6, 0) 
Marked:    (3, 0) o!o (5, 0) ==> (3, 0) -!> (5, 0) 
Marked:    (2, 0) o!o (4, 0) ==> (2, 0) -!> (4, 0) 
Writing:   (4, 0) o!o (2, 0) ==> (4, 0) <!o (2, 0) 
Writing:   (2, 0) o!o (4, 0) ==> (2, 0) o!> (4, 0) 
Update:    Marking (4,  0) as non-anc of (2, 0)
Writing:   (3, 0) o!o (2, 0) ==> (3, 0) -!> (2, 0) 
Writing:   (2, 0) o!o (3, 0) ==> (2, 0) <!- (3, 0) 
Update:    Marking (3,  0) as anc of (2, 0)
Update:    Marking (2, 0) as non-anc of (3, 0)
Writing:   (5, 0) o!o (3, 0) ==> (5, 0) <!o (3, 0) 
Writing:   (3, 0) o!o (5, 0) ==> (3, 0) o!> (5, 0) 
Update:    Marking (5,  0) as non-anc of (3, 0)
Writing:   (6, 0) o!o (4, 0) ==> (6, 0) <!o (4, 0) 
Writing:   (4, 0) o!o (6, 0) ==> (4, 0) o!> (6, 0) 
Update:    Marking (6,  0) as non-anc of (4, 0)
Writing:   (2, 0) o!> (4, 0) ==> (2, 0) -!> (4, 0) 
Writing:   (4, 0) <!o (2, 0) ==> (4, 0) <!- (2, 0) 
Update:    Marking (2,  0) as anc of (4, 0)
Writing:   (3, 0) o!> (5, 0) ==> (3, 0) -!> (5, 0) 
Writing:   (5, 0) <!o (3, 0) ==> (5, 0) <!- (3, 0) 
Update:    Marking (3,  0) as anc of (5, 0)
Writing:   (4, 0) o!> (6, 0) ==> (4, 0) -!> (6, 0) 
Writing:   (6, 0) <!o (4, 0) ==> (6, 0) <!- (4, 0) 
Update:    Marking (4,  0) as anc of (6, 0)

APR:
Marked:    (2, 0) -!> (4, 0) ==> (2, 0) --> (4, 0) 
Marked:    (3, 0) -!> (2, 0) ==> (3, 0) --> (2, 0) 
Marked:    (4, 0) -!> (6, 0) ==> (4, 0) --> (6, 0) 
Marked:    (3, 0) -!> (5, 0) ==> (3, 0) --> (5, 0) 
Writing:   (2, 0) -!> (4, 0) ==> (2, 0) --> (4, 0) 
Writing:   (4, 0) <!- (2, 0) ==> (4, 0) <-- (2, 0) 
Writing:   (3, 0) -!> (5, 0) ==> (3, 0) --> (5, 0) 
Writing:   (5, 0) <!- (3, 0) ==> (5, 0) <-- (3, 0) 
Writing:   (4, 0) -!> (6, 0) ==> (4, 0) --> (6, 0) 
Writing:   (6, 0) <!- (4, 0) ==> (6, 0) <-- (4, 0) 
Writing:   (3, 0) -!> (2, 0) ==> (3, 0) --> (2, 0) 
Writing:   (2, 0) <!- (3, 0) ==> (2, 0) <-- (3, 0) 

APR:
Found nothing

ER-08:
Marked:    (2, 0) o!o (6, 0) ==> (2, 0) -!> (6, 0) 
Marked:    (3, 0) o!o (4, 0) ==> (3, 0) -!> (4, 0) 
Writing:   (6, 0) o!o (2, 0) ==> (6, 0) <!o (2, 0) 
Writing:   (2, 0) o!o (6, 0) ==> (2, 0) o!> (6, 0) 
Update:    Marking (6,  0) as non-anc of (2, 0)
Writing:   (4, 0) o!o (3, 0) ==> (4, 0) <!o (3, 0) 
Writing:   (3, 0) o!o (4, 0) ==> (3, 0) o!> (4, 0) 
Update:    Marking (4,  0) as non-anc of (3, 0)
Writing:   (3, 0) o!> (4, 0) ==> (3, 0) -!> (4, 0) 
Writing:   (4, 0) <!o (3, 0) ==> (4, 0) <!- (3, 0) 
Update:    Marking (3,  0) as anc of (4, 0)
Writing:   (2, 0) o!> (6, 0) ==> (2, 0) -!> (6, 0) 
Writing:   (6, 0) <!o (2, 0) ==> (6, 0) <!- (2, 0) 
Update:    Marking (2,  0) as anc of (6, 0)

APR:
Marked:    (3, 0) -!> (4, 0) ==> (3, 0) --> (4, 0) 
Marked:    (2, 0) -!> (6, 0) ==> (2, 0) --> (6, 0) 
Writing:   (3, 0) -!> (4, 0) ==> (3, 0) --> (4, 0) 
Writing:   (4, 0) <!- (3, 0) ==> (4, 0) <-- (3, 0) 
Writing:   (2, 0) -!> (6, 0) ==> (2, 0) --> (6, 0) 
Writing:   (6, 0) <!- (2, 0) ==> (6, 0) <-- (2, 0) 

APR:
Found nothing

ER-08:
Marked:    (3, 0) o!o (6, 0) ==> (3, 0) -!> (6, 0) 
Writing:   (6, 0) o!o (3, 0) ==> (6, 0) <!o (3, 0) 
Writing:   (3, 0) o!o (6, 0) ==> (3, 0) o!> (6, 0) 
Update:    Marking (6,  0) as non-anc of (3, 0)
Writing:   (3, 0) o!> (6, 0) ==> (3, 0) -!> (6, 0) 
Writing:   (6, 0) <!o (3, 0) ==> (6, 0) <!- (3, 0) 
Update:    Marking (3,  0) as anc of (6, 0)

APR:
Marked:    (3, 0) -!> (6, 0) ==> (3, 0) --> (6, 0) 
Writing:   (3, 0) -!> (6, 0) ==> (3, 0) --> (6, 0) 
Writing:   (6, 0) <!- (3, 0) ==> (6, 0) <-- (3, 0) 

APR:
Found nothing

ER-08:
Found nothing

ER-02:
Found nothing

ER-01:
Found nothing

ER-00-d:
Found nothing

ER-00-c:
Marked:    (2, 0) o!o (5, 0) ==> (2, 0) o!> (5, 0) 
Marked:    (6, 0) o!o (5, 0) ==> (6, 0) o!> (5, 0) 
Marked:    (4, 0) o!o (5, 0) ==> (4, 0) o!> (5, 0) 
Writing:   (5, 0) o!o (2, 0) ==> (5, 0) <!o (2, 0) 
Writing:   (2, 0) o!o (5, 0) ==> (2, 0) o!> (5, 0) 
Update:    Marking (5,  0) as non-anc of (2, 0)
Writing:   (5, 0) o!o (4, 0) ==> (5, 0) <!o (4, 0) 
Writing:   (4, 0) o!o (5, 0) ==> (4, 0) o!> (5, 0) 
Update:    Marking (5,  0) as non-anc of (4, 0)
Writing:   (5, 0) o!o (6, 0) ==> (5, 0) <!o (6, 0) 
Writing:   (6, 0) o!o (5, 0) ==> (6, 0) o!> (5, 0) 
Update:    Marking (5,  0) as non-anc of (6, 0)

APR:
Found nothing

ER-08:
Found nothing

ER-02:
Found nothing

ER-01:
Found nothing

ER-00-d:
Found nothing

ER-00-c:
Marked:    (4,-1) o!> (2, 0) ==> (4,-1) <!> (2, 0) 
Writing:   (4,-1) o!> (2, 0) ==> (4,-1) <!> (2, 0) 
Update:    Marking (4, -1) as non-anc of (2, 0)

APR:
Found nothing

ER-08:
Found nothing

ER-02:
Found nothing

ER-01:
Found nothing

ER-00-d:
Found nothing

ER-00-c:
Found nothing

ER-03:
Found nothing

R-04:
Found nothing

ER-09:
Found nothing

ER-10:
Found nothing

ER-00-b:
Marked:    (5, 0) <!o (4, 0) ==> (5, 0) <!> (4, 0) 
Marked:    (2,-1) o!> (4, 0) ==> (2,-1)     (4, 0) 
Writing:   (2,-1) o!> (4, 0) ==> (2,-1)     (4, 0) 

Links were removed by rules


APR:
Found nothing

ER-08:
Found nothing

ER-02:
Found nothing

ER-01:
Found nothing

ER-00-d:
Found nothing

ER-00-c:
Found nothing

ER-03:
Found nothing

R-04:
Found nothing

ER-09:
Found nothing

ER-10:
Found nothing

ER-00-b:
Marked:    (5, 0) <!o (4, 0) ==> (5, 0) <!> (4, 0) 
Writing:   (4, 0) o!> (5, 0) ==> (4, 0) <!> (5, 0) 
Writing:   (5, 0) <!o (4, 0) ==> (5, 0) <!> (4, 0) 
Update:    Marking (4,  0) as non-anc of (5, 0)

APR:
Found nothing

ER-08:
Found nothing

ER-02:
Marked:    (5, 0) <!o (6, 0) ==> (5, 0) <!> (6, 0) 
Writing:   (6, 0) o!> (5, 0) ==> (6, 0) <!> (5, 0) 
Writing:   (5, 0) <!o (6, 0) ==> (5, 0) <!> (6, 0) 
Update:    Marking (6,  0) as non-anc of (5, 0)

APR:
Found nothing

ER-08:
Found nothing

ER-02:
Found nothing

ER-01:
Found nothing

ER-00-d:
Found nothing

ER-00-c:
Found nothing

ER-03:
Found nothing

R-04:
Found nothing

ER-09:
Found nothing

ER-10:
Found nothing

ER-00-b:
Found nothing

ER-00-a:
Found nothing

Orientation phase complete

Middle mark updates


Preliminary phase  1 complete

Graph:
--------------------------------
(0,-1) --> (0, 0)
(7,-1) --> (1, 0)
(0, 0) <-- (2, 0)
(4,-1) <!> (2, 0)
(0, 0) <-- (3, 0)
(2, 0) <-- (3, 0)
(3,-1) --> (3, 0)
(0, 0) <-- (4, 0)
(2, 0) --> (4, 0)
(3, 0) --> (4, 0)
(2, 0) o!> (5, 0)
(3, 0) --> (5, 0)
(4, 0) <!> (5, 0)
(5,-1) --> (5, 0)
(0, 0) <-- (6, 0)
(2, 0) --> (6, 0)
(3, 0) --> (6, 0)
(4, 0) --> (6, 0)
(5, 0) <!> (6, 0)
(1, 0) <-- (7, 0)
(2, 0) --> (7, 0)
(3, 0) --> (7, 0)
(0,-1) o!> (7, 0)
(1,-1) --> (7, 0)
--------------------------------
Writing:   (7,-1) oL> (1, 0) ==> (7,-1) -L> (1, 0) 
Update:    Marking (7, -1) as anc of (1, 0)
Writing:   (4, 0) o?o (2, 0) ==> (4, 0) <?o (2, 0) 
Writing:   (2, 0) o?o (4, 0) ==> (2, 0) o?> (4, 0) 
Update:    Marking (4,  0) as non-anc of (2, 0)
Writing:   (6, 0) o?o (2, 0) ==> (6, 0) <?o (2, 0) 
Writing:   (2, 0) o?o (6, 0) ==> (2, 0) o?> (6, 0) 
Update:    Marking (6,  0) as non-anc of (2, 0)
Writing:   (3, 0) o?o (2, 0) ==> (3, 0) -?> (2, 0) 
Writing:   (2, 0) o?o (3, 0) ==> (2, 0) <?- (3, 0) 
Update:    Marking (3,  0) as anc of (2, 0)
Update:    Marking (2, 0) as non-anc of (3, 0)
Writing:   (4, 0) o?o (3, 0) ==> (4, 0) <?o (3, 0) 
Writing:   (3, 0) o?o (4, 0) ==> (3, 0) o?> (4, 0) 
Update:    Marking (4,  0) as non-anc of (3, 0)
Writing:   (5, 0) o?o (3, 0) ==> (5, 0) <?o (3, 0) 
Writing:   (3, 0) o?o (5, 0) ==> (3, 0) o?> (5, 0) 
Update:    Marking (5,  0) as non-anc of (3, 0)
Writing:   (6, 0) o?o (3, 0) ==> (6, 0) <?o (3, 0) 
Writing:   (3, 0) o?o (6, 0) ==> (3, 0) o?> (6, 0) 
Update:    Marking (6,  0) as non-anc of (3, 0)
Writing:   (6, 0) o?o (4, 0) ==> (6, 0) <?o (4, 0) 
Writing:   (4, 0) o?o (6, 0) ==> (4, 0) o?> (6, 0) 
Update:    Marking (6,  0) as non-anc of (4, 0)
Writing:   (2, 0) o?> (4, 0) ==> (2, 0) -?> (4, 0) 
Writing:   (4, 0) <?o (2, 0) ==> (4, 0) <?- (2, 0) 
Update:    Marking (2,  0) as anc of (4, 0)
Writing:   (3, 0) o?> (4, 0) ==> (3, 0) -?> (4, 0) 
Writing:   (4, 0) <?o (3, 0) ==> (4, 0) <?- (3, 0) 
Update:    Marking (3,  0) as anc of (4, 0)
Writing:   (3, 0) o?> (5, 0) ==> (3, 0) -?> (5, 0) 
Writing:   (5, 0) <?o (3, 0) ==> (5, 0) <?- (3, 0) 
Update:    Marking (3,  0) as anc of (5, 0)
Writing:   (4, 0) o?> (6, 0) ==> (4, 0) -?> (6, 0) 
Writing:   (6, 0) <?o (4, 0) ==> (6, 0) <?- (4, 0) 
Update:    Marking (4,  0) as anc of (6, 0)
Writing:   (2, 0) o?> (6, 0) ==> (2, 0) -?> (6, 0) 
Writing:   (6, 0) <?o (2, 0) ==> (6, 0) <?- (2, 0) 
Update:    Marking (2,  0) as anc of (6, 0)
Writing:   (3, 0) o?> (6, 0) ==> (3, 0) -?> (6, 0) 
Writing:   (6, 0) <?o (3, 0) ==> (6, 0) <?- (3, 0) 
Update:    Marking (3,  0) as anc of (6, 0)

=======================================================
=======================================================
Starting final ancestral phase

Starting test phase

p = 0
(2,-1) independent (2, 0) given () union {(2, -2), (3, -1), (3, 0)}
(4,-1) independent (4, 0) given () union {(2, -1), (3, -1), (2, 0), (3, 0), (4, -2)}
(6,-1) independent (6, 0) given () union {(2, -1), (4, 0), (3, -1), (2, 0), (6, -2), (3, 0), (4, -1)}
Writing:   (2,-1) -L> (2, 0) ==> (2,-1)     (2, 0) 
Writing:   (4,-1) -L> (4, 0) ==> (4,-1)     (4, 0) 
Writing:   (6,-1) -L> (6, 0) ==> (6,-1)     (6, 0) 
(0, 0) independent (1, 0) given () union {(7, -1), (4, 0), (7, 0), (2, 0), (1, -1), (3, 0), (5, 0), (6, 0), (0, -1)}
(0, 0) independent (1, 0) given () union {(7, -1), (4, 0), (7, 0), (2, 0), (1, -1), (3, 0), (5, 0), (6, 0), (0, -1)}
(0, 0) independent (5, 0) given () union {(4, 0), (5, -1), (2, 0), (1, -1), (3, 0), (6, 0), (0, -1)}
(0, 0) independent (5, 0) given () union {(4, 0), (5, -1), (2, 0), (1, -1), (3, 0), (6, 0), (0, -1)}
(4, 0) independent (7, 0) given () union {(2, 0), (1, -1), (3, 0), (5, 0), (6, 0)}
(4, 0) independent (7, 0) given () union {(2, 0), (1, -1), (3, 0), (5, 0), (6, 0)}
(5, 0) independent (7, 0) given () union {(4, 0), (5, -1), (2, 0), (1, -1), (3, 0), (6, 0)}
(5, 0) independent (7, 0) given () union {(4, 0), (5, -1), (2, 0), (1, -1), (3, 0), (6, 0)}
(6, 0) independent (7, 0) given () union {(4, 0), (2, 0), (1, -1), (3, 0), (5, 0)}
(6, 0) independent (7, 0) given () union {(4, 0), (2, 0), (1, -1), (3, 0), (5, 0)}
Writing:   (0, 0) -?> (1, 0) ==> (0, 0)     (1, 0) 
Writing:   (1, 0) <?- (0, 0) ==> (1, 0)     (0, 0) 
Writing:   (0, 0) <?- (5, 0) ==> (0, 0)     (5, 0) 
Writing:   (5, 0) -?> (0, 0) ==> (5, 0)     (0, 0) 
Writing:   (4, 0) -?> (7, 0) ==> (4, 0)     (7, 0) 
Writing:   (7, 0) <?- (4, 0) ==> (7, 0)     (4, 0) 
Writing:   (5, 0) -?> (7, 0) ==> (5, 0)     (7, 0) 
Writing:   (7, 0) <?- (5, 0) ==> (7, 0)     (5, 0) 
Writing:   (6, 0) -?> (7, 0) ==> (6, 0)     (7, 0) 
Writing:   (7, 0) <?- (6, 0) ==> (7, 0)     (6, 0) 
(0,-1) independent (1, 0) given () union {(7, -1), (2, -1), (3, -1), (7, 0), (6, -1), (1, -2), (4, -1), (0, -2)}
(1,-1) independent (0, 0) given () union {(7, -1), (7, -2), (4, 0), (2, 0), (3, 0), (6, 0), (0, -1)}
(3,-1) independent (6, 0) given () union {(4, 0), (2, 0), (3, -2), (3, 0)}
(4,-1) independent (6, 0) given () union {(2, -1), (4, 0), (3, -1), (2, 0), (3, 0)}
(5,-1) independent (2, 0) given () union {(5, -2), (3, -1), (3, 0)}
(5,-1) independent (4, 0) given () union {(5, -2), (2, 0), (3, -1), (3, 0)}
(5,-1) independent (6, 0) given () union {(4, 0), (3, -1), (5, -2), (2, 0), (3, 0)}
(6,-1) independent (4, 0) given () union {(2, -1), (3, -1), (2, 0), (3, 0), (4, -1)}
(6,-1) independent (5, 0) given () union {(2, -1), (3, -1), (5, -1), (3, 0), (4, -1)}
Writing:   (1,-1) -L> (0, 0) ==> (1,-1)     (0, 0) 
Writing:   (0,-1) oL> (1, 0) ==> (0,-1)     (1, 0) 
Writing:   (5,-1) oL> (2, 0) ==> (5,-1)     (2, 0) 
Writing:   (5,-1) oL> (4, 0) ==> (5,-1)     (4, 0) 
Writing:   (6,-1) oL> (4, 0) ==> (6,-1)     (4, 0) 
Writing:   (6,-1) oL> (5, 0) ==> (6,-1)     (5, 0) 
Writing:   (3,-1) oL> (6, 0) ==> (3,-1)     (6, 0) 
Writing:   (4,-1) oL> (6, 0) ==> (4,-1)     (6, 0) 
Writing:   (5,-1) oL> (6, 0) ==> (5,-1)     (6, 0) 

Test phase complete

Starting orientation phase
with rule list:  [['APR'], ['ER-08'], ['ER-02'], ['ER-01'], ['ER-09'], ['ER-10']]

APR:
Found nothing

ER-08:
Marked:    (3,-1) oL> (5, 0) ==> (3,-1) -L> (5, 0) 
Marked:    (3,-1) oL> (2, 0) ==> (3,-1) -L> (2, 0) 
Marked:    (7,-1) oL> (7, 0) ==> (7,-1) -L> (7, 0) 
Marked:    (3,-1) oL> (4, 0) ==> (3,-1) -L> (4, 0) 
Writing:   (3,-1) oL> (2, 0) ==> (3,-1) -L> (2, 0) 
Update:    Marking (3, -1) as anc of (2, 0)
Writing:   (3,-1) oL> (4, 0) ==> (3,-1) -L> (4, 0) 
Update:    Marking (3, -1) as anc of (4, 0)
Writing:   (3,-1) oL> (5, 0) ==> (3,-1) -L> (5, 0) 
Update:    Marking (3, -1) as anc of (5, 0)
Writing:   (7,-1) oL> (7, 0) ==> (7,-1) -L> (7, 0) 
Update:    Marking (7, -1) as anc of (7, 0)

APR:
Found nothing

ER-08:
Found nothing

ER-02:
Found nothing

ER-01:
Found nothing

ER-09:
Found nothing

ER-10:
Found nothing

Orientation phase complete

Middle mark updates

Writing:   (2, 0) -?> (0, 0) ==> (2, 0) -R> (0, 0) 
Writing:   (0, 0) <?- (2, 0) ==> (0, 0) <R- (2, 0) 
Writing:   (3, 0) -?> (0, 0) ==> (3, 0) -R> (0, 0) 
Writing:   (0, 0) <?- (3, 0) ==> (0, 0) <R- (3, 0) 
Writing:   (4, 0) -?> (0, 0) ==> (4, 0) -R> (0, 0) 
Writing:   (0, 0) <?- (4, 0) ==> (0, 0) <R- (4, 0) 
Writing:   (6, 0) -?> (0, 0) ==> (6, 0) -R> (0, 0) 
Writing:   (0, 0) <?- (6, 0) ==> (0, 0) <R- (6, 0) 
Writing:   (7, 0) -?> (1, 0) ==> (7, 0) -R> (1, 0) 
Writing:   (1, 0) <?- (7, 0) ==> (1, 0) <R- (7, 0) 
Writing:   (3, 0) -?> (2, 0) ==> (3, 0) -R> (2, 0) 
Writing:   (2, 0) <?- (3, 0) ==> (2, 0) <R- (3, 0) 
Writing:   (2, 0) -?> (4, 0) ==> (2, 0) -L> (4, 0) 
Writing:   (4, 0) <?- (2, 0) ==> (4, 0) <L- (2, 0) 
Writing:   (2, 0) -?> (6, 0) ==> (2, 0) -L> (6, 0) 
Writing:   (6, 0) <?- (2, 0) ==> (6, 0) <L- (2, 0) 
Writing:   (2, 0) -?> (7, 0) ==> (2, 0) -L> (7, 0) 
Writing:   (7, 0) <?- (2, 0) ==> (7, 0) <L- (2, 0) 
Writing:   (3, 0) -?> (4, 0) ==> (3, 0) -L> (4, 0) 
Writing:   (4, 0) <?- (3, 0) ==> (4, 0) <L- (3, 0) 
Writing:   (3, 0) -?> (5, 0) ==> (3, 0) -L> (5, 0) 
Writing:   (5, 0) <?- (3, 0) ==> (5, 0) <L- (3, 0) 
Writing:   (3, 0) -?> (6, 0) ==> (3, 0) -L> (6, 0) 
Writing:   (6, 0) <?- (3, 0) ==> (6, 0) <L- (3, 0) 
Writing:   (3, 0) -?> (7, 0) ==> (3, 0) -L> (7, 0) 
Writing:   (7, 0) <?- (3, 0) ==> (7, 0) <L- (3, 0) 
Writing:   (4, 0) -?> (6, 0) ==> (4, 0) -L> (6, 0) 
Writing:   (6, 0) <?- (4, 0) ==> (6, 0) <L- (4, 0) 

Starting test phase

p = 0
(7,-1) independent (7, 0) given () union {(7, -2), (2, -1), (3, -1), (2, 0), (1, -1), (1, -2), (3, 0)}
Writing:   (7,-1) -L> (7, 0) ==> (7,-1)     (7, 0) 
(2,-1) independent (4, 0) given () union {(2, 0), (3, -1), (3, -2), (3, 0)}
(2,-1) independent (6, 0) given () union {(4, 0), (3, -1), (3, -2), (2, 0), (3, 0)}
(4,-1) independent (3, 0) given () union {(2, -1), (3, -1), (3, -2)}
(4,-1) independent (5, 0) given () union {(2, -1), (3, -1), (3, -2), (5, -1), (3, 0)}
Writing:   (4,-1) oL> (3, 0) ==> (4,-1)     (3, 0) 
Writing:   (2,-1) oL> (4, 0) ==> (2,-1)     (4, 0) 
Writing:   (4,-1) oL> (5, 0) ==> (4,-1)     (5, 0) 
Writing:   (2,-1) oL> (6, 0) ==> (2,-1)     (6, 0) 

Test phase complete

Starting orientation phase
with rule list:  [['APR'], ['ER-08'], ['ER-02'], ['ER-01'], ['ER-09'], ['ER-10']]

APR:
Found nothing

ER-08:
Found nothing

ER-02:
Found nothing

ER-01:
Found nothing

ER-09:
Found nothing

ER-10:
Found nothing

Orientation phase complete
p = 1
Writing:   (0,-1) -L> (0, 0) ==> (0,-1) -!> (0, 0) 
Writing:   (0, 0) <R- (2, 0) ==> (0, 0) <!- (2, 0) 
Writing:   (2, 0) -R> (0, 0) ==> (2, 0) -!> (0, 0) 
Writing:   (0, 0) <R- (3, 0) ==> (0, 0) <!- (3, 0) 
Writing:   (3, 0) -R> (0, 0) ==> (3, 0) -!> (0, 0) 
Writing:   (0, 0) <R- (4, 0) ==> (0, 0) <!- (4, 0) 
Writing:   (4, 0) -R> (0, 0) ==> (4, 0) -!> (0, 0) 
Writing:   (0, 0) <R- (6, 0) ==> (0, 0) <!- (6, 0) 
Writing:   (6, 0) -R> (0, 0) ==> (6, 0) -!> (0, 0) 
Writing:   (1, 0) <R- (7, 0) ==> (1, 0) <!- (7, 0) 
Writing:   (7, 0) -R> (1, 0) ==> (7, 0) -!> (1, 0) 
Writing:   (4, 0) o?o (5, 0) ==> (4, 0) oLo (5, 0) 
Writing:   (5, 0) o?o (4, 0) ==> (5, 0) oLo (4, 0) 
Writing:   (5, 0) o?o (6, 0) ==> (5, 0) oRo (6, 0) 
Writing:   (6, 0) o?o (5, 0) ==> (6, 0) oRo (5, 0) 
Writing:   (0,-1) oL> (7, 0) ==> (0,-1) o!> (7, 0) 
(2,-1) independent (5, 0) given ((2, 0),) union {(5, -1), (3, -1), (3, -2), (3, 0)}
(3,-1) independent (2, 0) given ((4, -1),) union {(3, -2), (3, 0)}
(3,-1) independent (4, 0) given ((5, 0),) union {(2, 0), (3, -2), (3, 0)}
(3,-1) independent (5, 0) given ((2, 0),) union {(5, -1), (3, -2), (3, 0)}
(4,-1) independent (2, 0) given ((5, 0),) union {(2, -1), (3, -1), (3, -2), (3, 0)}
(6,-1) independent (2, 0) given ((5, 0),) union {(4, -1), (2, -1), (3, -1), (3, 0)}
Writing:   (7,-1) -L> (1, 0) ==> (7,-1) -!> (1, 0) 
Writing:   (3,-1) -L> (2, 0) ==> (3,-1)     (2, 0) 
Writing:   (4,-1) oL> (2, 0) ==> (4,-1)     (2, 0) 
Writing:   (6,-1) oL> (2, 0) ==> (6,-1)     (2, 0) 
Writing:   (3,-1) -L> (4, 0) ==> (3,-1)     (4, 0) 
Writing:   (2,-1) oL> (5, 0) ==> (2,-1)     (5, 0) 
Writing:   (3,-1) -L> (5, 0) ==> (3,-1)     (5, 0) 

Test phase complete

Starting orientation phase
with rule list:  [['APR'], ['ER-08'], ['ER-02'], ['ER-01'], ['ER-09'], ['ER-10']]

APR:
Marked:    (0,-1) -!> (0, 0) ==> (0,-1) --> (0, 0) 
Marked:    (7,-1) -!> (1, 0) ==> (7,-1) --> (1, 0) 
Writing:   (0,-1) -!> (0, 0) ==> (0,-1) --> (0, 0) 
Writing:   (7,-1) -!> (1, 0) ==> (7,-1) --> (1, 0) 

APR:
Found nothing

ER-08:
Found nothing

ER-02:
Found nothing

ER-01:
Found nothing

ER-09:
Found nothing

ER-10:
Found nothing

Orientation phase complete

Middle mark updates


Starting test phase

p = 0

Test phase complete
p = 1
Writing:   (2, 0) o?o (5, 0) ==> (2, 0) oLo (5, 0) 
Writing:   (5, 0) o?o (2, 0) ==> (5, 0) oLo (2, 0) 
Writing:   (5, 0) oRo (6, 0) ==> (5, 0) o!o (6, 0) 
Writing:   (6, 0) oRo (5, 0) ==> (6, 0) o!o (5, 0) 

Test phase complete
p = 2
Writing:   (2, 0) <R- (3, 0) ==> (2, 0) <!- (3, 0) 
Writing:   (3, 0) -R> (2, 0) ==> (3, 0) -!> (2, 0) 
Writing:   (2, 0) -L> (4, 0) ==> (2, 0) -!> (4, 0) 
Writing:   (4, 0) <L- (2, 0) ==> (4, 0) <!- (2, 0) 
Writing:   (2, 0) -L> (6, 0) ==> (2, 0) -!> (6, 0) 
Writing:   (6, 0) <L- (2, 0) ==> (6, 0) <!- (2, 0) 
Writing:   (2, 0) -L> (7, 0) ==> (2, 0) -!> (7, 0) 
Writing:   (7, 0) <L- (2, 0) ==> (7, 0) <!- (2, 0) 
Writing:   (3, 0) -L> (4, 0) ==> (3, 0) -!> (4, 0) 
Writing:   (4, 0) <L- (3, 0) ==> (4, 0) <!- (3, 0) 
Writing:   (3, 0) -L> (6, 0) ==> (3, 0) -!> (6, 0) 
Writing:   (6, 0) <L- (3, 0) ==> (6, 0) <!- (3, 0) 
Writing:   (3, 0) -L> (7, 0) ==> (3, 0) -!> (7, 0) 
Writing:   (7, 0) <L- (3, 0) ==> (7, 0) <!- (3, 0) 
Writing:   (4, 0) oLo (5, 0) ==> (4, 0) o!o (5, 0) 
Writing:   (5, 0) oLo (4, 0) ==> (5, 0) o!o (4, 0) 
Writing:   (4, 0) -L> (6, 0) ==> (4, 0) -!> (6, 0) 
Writing:   (6, 0) <L- (4, 0) ==> (6, 0) <!- (4, 0) 
Writing:   (1,-1) -L> (7, 0) ==> (1,-1) -!> (7, 0) 
Writing:   (6,-1) oL> (3, 0) ==> (6,-1) o!> (3, 0) 

Test phase complete
p = 3
Writing:   (2, 0) oLo (5, 0) ==> (2, 0) o!o (5, 0) 
Writing:   (5, 0) oLo (2, 0) ==> (5, 0) o!o (2, 0) 
Writing:   (2,-1) oL> (3, 0) ==> (2,-1) o!> (3, 0) 
Writing:   (5,-1) oL> (3, 0) ==> (5,-1) o!> (3, 0) 

Test phase complete
p = 4
Writing:   (3,-1) -L> (3, 0) ==> (3,-1) -!> (3, 0) 
Writing:   (5,-1) -L> (5, 0) ==> (5,-1) -!> (5, 0) 
Writing:   (3, 0) -L> (5, 0) ==> (3, 0) -!> (5, 0) 
Writing:   (5, 0) <L- (3, 0) ==> (5, 0) <!- (3, 0) 

Test phase complete

Starting orientation phase
with rule list:  [['APR'], ['ER-08'], ['ER-02'], ['ER-01'], ['ER-00-d'], ['ER-00-c'], ['ER-03'], ['R-04'], ['ER-09'], ['ER-10'], ['ER-00-b'], ['ER-00-a']]

APR:
Marked:    (2, 0) -!> (4, 0) ==> (2, 0) --> (4, 0) 
Marked:    (3, 0) -!> (4, 0) ==> (3, 0) --> (4, 0) 
Marked:    (7, 0) -!> (1, 0) ==> (7, 0) --> (1, 0) 
Marked:    (4, 0) -!> (6, 0) ==> (4, 0) --> (6, 0) 
Marked:    (3, 0) -!> (7, 0) ==> (3, 0) --> (7, 0) 
Marked:    (4, 0) -!> (0, 0) ==> (4, 0) --> (0, 0) 
Marked:    (2, 0) -!> (7, 0) ==> (2, 0) --> (7, 0) 
Marked:    (1,-1) -!> (7, 0) ==> (1,-1) --> (7, 0) 
Marked:    (3, 0) -!> (2, 0) ==> (3, 0) --> (2, 0) 
Marked:    (3, 0) -!> (5, 0) ==> (3, 0) --> (5, 0) 
Marked:    (2, 0) -!> (6, 0) ==> (2, 0) --> (6, 0) 
Marked:    (2, 0) -!> (0, 0) ==> (2, 0) --> (0, 0) 
Marked:    (6, 0) -!> (0, 0) ==> (6, 0) --> (0, 0) 
Marked:    (3,-1) -!> (3, 0) ==> (3,-1) --> (3, 0) 
Marked:    (5,-1) -!> (5, 0) ==> (5,-1) --> (5, 0) 
Marked:    (3, 0) -!> (0, 0) ==> (3, 0) --> (0, 0) 
Marked:    (3, 0) -!> (6, 0) ==> (3, 0) --> (6, 0) 
Writing:   (3, 0) -!> (4, 0) ==> (3, 0) --> (4, 0) 
Writing:   (4, 0) <!- (3, 0) ==> (4, 0) <-- (3, 0) 
Writing:   (6, 0) -!> (0, 0) ==> (6, 0) --> (0, 0) 
Writing:   (0, 0) <!- (6, 0) ==> (0, 0) <-- (6, 0) 
Writing:   (3, 0) -!> (5, 0) ==> (3, 0) --> (5, 0) 
Writing:   (5, 0) <!- (3, 0) ==> (5, 0) <-- (3, 0) 
Writing:   (1,-1) -!> (7, 0) ==> (1,-1) --> (7, 0) 
Writing:   (3, 0) -!> (6, 0) ==> (3, 0) --> (6, 0) 
Writing:   (6, 0) <!- (3, 0) ==> (6, 0) <-- (3, 0) 
Writing:   (3, 0) -!> (7, 0) ==> (3, 0) --> (7, 0) 
Writing:   (7, 0) <!- (3, 0) ==> (7, 0) <-- (3, 0) 
Writing:   (7, 0) -!> (1, 0) ==> (7, 0) --> (1, 0) 
Writing:   (1, 0) <!- (7, 0) ==> (1, 0) <-- (7, 0) 
Writing:   (2, 0) -!> (0, 0) ==> (2, 0) --> (0, 0) 
Writing:   (0, 0) <!- (2, 0) ==> (0, 0) <-- (2, 0) 
Writing:   (3, 0) -!> (2, 0) ==> (3, 0) --> (2, 0) 
Writing:   (2, 0) <!- (3, 0) ==> (2, 0) <-- (3, 0) 
Writing:   (2, 0) -!> (6, 0) ==> (2, 0) --> (6, 0) 
Writing:   (6, 0) <!- (2, 0) ==> (6, 0) <-- (2, 0) 
Writing:   (3, 0) -!> (0, 0) ==> (3, 0) --> (0, 0) 
Writing:   (0, 0) <!- (3, 0) ==> (0, 0) <-- (3, 0) 
Writing:   (5,-1) -!> (5, 0) ==> (5,-1) --> (5, 0) 
Writing:   (4, 0) -!> (0, 0) ==> (4, 0) --> (0, 0) 
Writing:   (0, 0) <!- (4, 0) ==> (0, 0) <-- (4, 0) 
Writing:   (2, 0) -!> (4, 0) ==> (2, 0) --> (4, 0) 
Writing:   (4, 0) <!- (2, 0) ==> (4, 0) <-- (2, 0) 
Writing:   (2, 0) -!> (7, 0) ==> (2, 0) --> (7, 0) 
Writing:   (7, 0) <!- (2, 0) ==> (7, 0) <-- (2, 0) 
Writing:   (3,-1) -!> (3, 0) ==> (3,-1) --> (3, 0) 
Writing:   (4, 0) -!> (6, 0) ==> (4, 0) --> (6, 0) 
Writing:   (6, 0) <!- (4, 0) ==> (6, 0) <-- (4, 0) 

APR:
Found nothing

ER-08:
Found nothing

ER-02:
Found nothing

ER-01:
Found nothing

ER-00-d:
Found nothing

ER-00-c:
Marked:    (6,-1) o!> (3, 0) ==> (6,-1) <!> (3, 0) 
Writing:   (6,-1) o!> (3, 0) ==> (6,-1) <!> (3, 0) 
Update:    Marking (6, -1) as non-anc of (3, 0)

APR:
Found nothing

ER-08:
Found nothing

ER-02:
Found nothing

ER-01:
Found nothing

ER-00-d:
Found nothing

ER-00-c:
Found nothing

ER-03:
Found nothing

R-04:
Found nothing

ER-09:
Found nothing

ER-10:
Found nothing

ER-00-b:
Found nothing

ER-00-a:
Marked:    (5,-1) o!> (3, 0) ==> (5,-1) <!> (3, 0) 
Marked:    (0,-1) o!> (7, 0) ==> (0,-1)     (7, 0) 
Marked:    (2,-1) o!> (3, 0) ==> (2,-1)     (3, 0) 
Marked:    (4, 0) o!o (5, 0) ==> (4, 0) o!> (5, 0) 
Marked:    (5,-1) o!> (3, 0) ==> (5,-1)     (3, 0) 
Writing:   (5,-1) o!> (3, 0) ==> (5,-1)     (3, 0) 
Writing:   (2,-1) o!> (3, 0) ==> (2,-1)     (3, 0) 
Writing:   (0,-1) o!> (7, 0) ==> (0,-1)     (7, 0) 

Links were removed by rules


APR:
Found nothing

ER-08:
Found nothing

ER-02:
Found nothing

ER-01:
Found nothing

ER-00-d:
Found nothing

ER-00-c:
Found nothing

ER-03:
Found nothing

R-04:
Found nothing

ER-09:
Found nothing

ER-10:
Found nothing

ER-00-b:
Marked:    (6,-1) <!> (3, 0) ==> (6,-1)     (3, 0) 
Writing:   (6,-1) <!> (3, 0) ==> (6,-1)     (3, 0) 

Links were removed by rules


APR:
Found nothing

ER-08:
Found nothing

ER-02:
Found nothing

ER-01:
Found nothing

ER-00-d:
Found nothing

ER-00-c:
Found nothing

ER-03:
Found nothing

R-04:
Found nothing

ER-09:
Found nothing

ER-10:
Found nothing

ER-00-b:
Found nothing

ER-00-a:
Found nothing

Orientation phase complete

Middle mark updates


Final ancestral phase complete

Graph:
--------------------------------
(0,-1) --> (0, 0)
(7,-1) --> (1, 0)
(0, 0) <-- (2, 0)
(0, 0) <-- (3, 0)
(2, 0) <-- (3, 0)
(3,-1) --> (3, 0)
(0, 0) <-- (4, 0)
(2, 0) --> (4, 0)
(3, 0) --> (4, 0)
(2, 0) o!o (5, 0)
(3, 0) --> (5, 0)
(4, 0) o!o (5, 0)
(5,-1) --> (5, 0)
(0, 0) <-- (6, 0)
(2, 0) --> (6, 0)
(3, 0) --> (6, 0)
(4, 0) --> (6, 0)
(5, 0) o!o (6, 0)
(1, 0) <-- (7, 0)
(2, 0) --> (7, 0)
(3, 0) --> (7, 0)
(1,-1) --> (7, 0)
--------------------------------

=======================================================
=======================================================
Starting non-ancestral phase

Middle mark updates


Starting test phase

p = 0

Test phase complete
p = 1
Writing:   (2, 0) o!o (5, 0) ==> (2, 0) o-o (5, 0) 
Writing:   (5, 0) o!o (2, 0) ==> (5, 0) o-o (2, 0) 
Writing:   (4, 0) o!o (5, 0) ==> (4, 0) o-o (5, 0) 
Writing:   (5, 0) o!o (4, 0) ==> (5, 0) o-o (4, 0) 
Writing:   (5, 0) o!o (6, 0) ==> (5, 0) o-o (6, 0) 
Writing:   (6, 0) o!o (5, 0) ==> (6, 0) o-o (5, 0) 

Test phase complete

Starting orientation phase
with rule list:  [['APR'], ['ER-08'], ['ER-02'], ['ER-01'], ['ER-00-d'], ['ER-00-c'], ['ER-03'], ['R-04'], ['ER-09'], ['ER-10'], ['ER-00-b'], ['ER-00-a']]

APR:
Found nothing

ER-08:
Found nothing

ER-02:
Found nothing

ER-01:
Found nothing

ER-00-d:
Found nothing

ER-00-c:
Found nothing

ER-03:
Found nothing

R-04:
Found nothing

ER-09:
Found nothing

ER-10:
Found nothing

ER-00-b:
Found nothing

ER-00-a:
Found nothing

Orientation phase complete

Non-ancestral phase complete

Graph:
--------------------------------
(0,-1) --> (0, 0)
(7,-1) --> (1, 0)
(0, 0) <-- (2, 0)
(0, 0) <-- (3, 0)
(2, 0) <-- (3, 0)
(3,-1) --> (3, 0)
(0, 0) <-- (4, 0)
(2, 0) --> (4, 0)
(3, 0) --> (4, 0)
(2, 0) o-o (5, 0)
(3, 0) --> (5, 0)
(4, 0) o-o (5, 0)
(5,-1) --> (5, 0)
(0, 0) <-- (6, 0)
(2, 0) --> (6, 0)
(3, 0) --> (6, 0)
(4, 0) --> (6, 0)
(5, 0) o-o (6, 0)
(1, 0) <-- (7, 0)
(2, 0) --> (7, 0)
(3, 0) --> (7, 0)
(1,-1) --> (7, 0)
--------------------------------

=======================================================
=======================================================
Final rule application phase

Setting all middle marks to '-'

Starting orientation phase
with rule list:  [['APR'], ['ER-08'], ['ER-02'], ['ER-01'], ['ER-00-d'], ['ER-00-c'], ['ER-03'], ['R-04'], ['ER-09'], ['ER-10'], ['ER-00-b'], ['ER-00-a']]

APR:
Found nothing

ER-08:
Found nothing

ER-02:
Found nothing

ER-01:
Found nothing

ER-00-d:
Found nothing

ER-00-c:
Found nothing

ER-03:
Found nothing

R-04:
Found nothing

ER-09:
Found nothing

ER-10:
Found nothing

ER-00-b:
Found nothing

ER-00-a:
Found nothing

Orientation phase complete

=======================================================
=======================================================

LPCMCI has converged

Final graph:
--------------------------------
--------------------------------
(0,-1) --> (0, 0)
(7,-1) --> (1, 0)
(0, 0) <-- (2, 0)
(0, 0) <-- (3, 0)
(2, 0) <-- (3, 0)
(3,-1) --> (3, 0)
(0, 0) <-- (4, 0)
(2, 0) --> (4, 0)
(3, 0) --> (4, 0)
(2, 0) o-o (5, 0)
(3, 0) --> (5, 0)
(4, 0) o-o (5, 0)
(5,-1) --> (5, 0)
(0, 0) <-- (6, 0)
(2, 0) --> (6, 0)
(3, 0) --> (6, 0)
(4, 0) --> (6, 0)
(5, 0) o-o (6, 0)
(1, 0) <-- (7, 0)
(2, 0) --> (7, 0)
(3, 0) --> (7, 0)
(1,-1) --> (7, 0)
--------------------------------
--------------------------------

Max search set: 0
Max na-pds set: 4

{'graph': array([[['', '-->', ''],
        ['', '', ''],
        ['<--', '', ''],
        ['<--', '', ''],
        ['<--', '', ''],
        ['', '', ''],
        ['<--', '', ''],
        ['', '', '']],

       [['', '', ''],
        ['', '', ''],
        ['', '', ''],
        ['', '', ''],
        ['', '', ''],
        ['', '', ''],
        ['', '', ''],
        ['<--', '-->', '']],

       [['-->', '', ''],
        ['', '', ''],
        ['', '', ''],
        ['<--', '', ''],
        ['-->', '', ''],
        ['o-o', '', ''],
        ['-->', '', ''],
        ['-->', '', '']],

       [['-->', '', ''],
        ['', '', ''],
        ['-->', '', ''],
        ['', '-->', ''],
        ['-->', '', ''],
        ['-->', '', ''],
        ['-->', '', ''],
        ['-->', '', '']],

       [['-->', '', ''],
        ['', '', ''],
        ['<--', '', ''],
        ['<--', '', ''],
        ['', '', ''],
        ['o-o', '', ''],
        ['-->', '', ''],
        ['', '', '']],

       [['', '', ''],
        ['', '', ''],
        ['o-o', '', ''],
        ['<--', '', ''],
        ['o-o', '', ''],
        ['', '-->', ''],
        ['o-o', '', ''],
        ['', '', '']],

       [['-->', '', ''],
        ['', '', ''],
        ['<--', '', ''],
        ['<--', '', ''],
        ['<--', '', ''],
        ['o-o', '', ''],
        ['', '', ''],
        ['', '', '']],

       [['', '', ''],
        ['-->', '-->', ''],
        ['<--', '', ''],
        ['<--', '', ''],
        ['', '', ''],
        ['', '', ''],
        ['', '', ''],
        ['', '', '']]], dtype='<U3'), 'p_matrix': array([[[0.   , 0.   ,   inf],
        [1.   , 0.99 ,   inf],
        [0.   ,   inf,   inf],
        [0.   ,   inf,   inf],
        [0.   ,   inf,   inf],
        [1.   ,   inf,   inf],
        [0.   ,   inf,   inf],
        [  inf, 0.995,   inf]],

       [[1.   , 0.615,   inf],
        [0.   ,   inf,   inf],
        [  inf,   inf,   inf],
        [  inf,   inf,   inf],
        [  inf,   inf,   inf],
        [  inf,   inf,   inf],
        [  inf,   inf,   inf],
        [0.   , 0.   ,   inf]],

       [[0.   ,   inf,   inf],
        [  inf,   inf,   inf],
        [0.   , 1.   ,   inf],
        [0.   , 0.19 ,   inf],
        [0.   , 0.135,   inf],
        [0.   , 0.015,   inf],
        [0.   , 0.815,   inf],
        [0.   ,   inf,   inf]],

       [[0.   ,   inf,   inf],
        [  inf,   inf,   inf],
        [0.   , 1.   ,   inf],
        [0.   , 0.   ,   inf],
        [0.   , 0.035,   inf],
        [0.   , 0.35 ,   inf],
        [0.   , 0.015,   inf],
        [0.   ,   inf,   inf]],

       [[0.   ,   inf,   inf],
        [  inf,   inf,   inf],
        [0.   , 0.04 ,   inf],
        [0.   , 0.095,   inf],
        [0.   , 0.065,   inf],
        [0.   , 0.525,   inf],
        [0.   , 1.   ,   inf],
        [0.36 ,   inf,   inf]],

       [[1.   ,   inf,   inf],
        [  inf,   inf,   inf],
        [0.   , 1.   ,   inf],
        [0.   , 0.725,   inf],
        [0.   , 0.58 ,   inf],
        [0.   , 0.   ,   inf],
        [0.   , 0.59 ,   inf],
        [0.185,   inf,   inf]],

       [[0.   ,   inf,   inf],
        [  inf,   inf,   inf],
        [0.   , 0.285,   inf],
        [0.   , 0.07 ,   inf],
        [0.   , 0.83 ,   inf],
        [0.   , 0.19 ,   inf],
        [0.   , 0.49 ,   inf],
        [0.03 ,   inf,   inf]],

       [[  inf,   inf,   inf],
        [0.   , 0.01 ,   inf],
        [0.   ,   inf,   inf],
        [0.   ,   inf,   inf],
        [0.36 ,   inf,   inf],
        [0.185,   inf,   inf],
        [0.03 ,   inf,   inf],
        [0.   , 0.215,   inf]]]), 'val_matrix': array([[[ 0.00000000e+00,  9.36335735e-03,            -inf],
        [-5.68695923e-03,  1.48068877e-04,            -inf],
        [ 1.00853933e-02,            -inf,            -inf],
        [ 4.83189869e-03,            -inf,            -inf],
        [ 2.72368523e-02,            -inf,            -inf],
        [-6.35918138e-04,            -inf,            -inf],
        [ 7.99458259e-03,            -inf,            -inf],
        [           -inf, -1.03433493e-04,            -inf]],

       [[-5.68695923e-03, -6.75233958e-04,            -inf],
        [ 0.00000000e+00,            -inf,            -inf],
        [           -inf,            -inf,            -inf],
        [           -inf,            -inf,            -inf],
        [           -inf,            -inf,            -inf],
        [           -inf,            -inf,            -inf],
        [           -inf,            -inf,            -inf],
        [ 7.06288871e-02,  1.86153958e-03,            -inf]],

       [[ 1.00853933e-02,            -inf,            -inf],
        [           -inf,            -inf,            -inf],
        [ 0.00000000e+00, -1.71859667e-03,            -inf],
        [ 1.47753058e-01,  3.60175763e-03,            -inf],
        [ 1.36620489e-01, -7.28196242e-04,            -inf],
        [ 1.05854813e-01, -2.37906881e-04,            -inf],
        [ 2.81197067e-02,  2.23591426e-03,            -inf],
        [ 3.07177310e-02,            -inf,            -inf]],

       [[ 4.83189869e-03,            -inf,            -inf],
        [           -inf,            -inf,            -inf],
        [ 1.47753058e-01, -1.89754275e-03,            -inf],
        [ 0.00000000e+00,  5.40405808e-02,            -inf],
        [ 2.76014832e-02,  1.73948428e-03,            -inf],
        [ 1.19612716e-01,  9.28782377e-03,            -inf],
        [ 2.65614805e-02,  2.28986900e-03,            -inf],
        [ 1.80511314e-02,            -inf,            -inf]],

       [[ 2.72368523e-02,            -inf,            -inf],
        [           -inf,            -inf,            -inf],
        [ 1.36620489e-01,  4.87703964e-03,            -inf],
        [ 2.76014832e-02, -1.82561010e-04,            -inf],
        [ 0.00000000e+00,  2.41481940e-03,            -inf],
        [ 4.81248650e-02,  1.22529699e-05,            -inf],
        [ 5.50419111e-02, -1.45235253e-04,            -inf],
        [ 1.06990058e-03,            -inf,            -inf]],

       [[-6.35918138e-04,            -inf,            -inf],
        [           -inf,            -inf,            -inf],
        [ 1.05854813e-01, -2.47185336e-03,            -inf],
        [ 1.19612716e-01,  1.26786406e-03,            -inf],
        [ 4.81248650e-02,  4.90540963e-04,            -inf],
        [ 0.00000000e+00,  1.52474146e-02,            -inf],
        [ 8.45665966e-03,  7.74372173e-04,            -inf],
        [ 1.27701609e-03,            -inf,            -inf]],

       [[ 7.99458259e-03,            -inf,            -inf],
        [           -inf,            -inf,            -inf],
        [ 2.81197067e-02, -9.04691157e-04,            -inf],
        [ 2.65614805e-02,  1.33788620e-03,            -inf],
        [ 5.50419111e-02,  2.16491015e-04,            -inf],
        [ 8.45665966e-03,  7.57032015e-04,            -inf],
        [ 0.00000000e+00,  1.32178734e-03,            -inf],
        [ 1.89187033e-03,            -inf,            -inf]],

       [[           -inf,            -inf,            -inf],
        [ 7.06288871e-02,  1.00122177e-03,            -inf],
        [ 3.07177310e-02,            -inf,            -inf],
        [ 1.80511314e-02,            -inf,            -inf],
        [ 1.06990058e-03,            -inf,            -inf],
        [ 1.27701609e-03,            -inf,            -inf],
        [ 1.89187033e-03,            -inf,            -inf],
        [ 0.00000000e+00,  1.65358495e-03,            -inf]]])}
