nohup: ignoring input
Starting LPCMCI...
Finished.
Starting LPCMCI...
Finished.
Starting LPCMCI...
Finished.
Starting LPCMCI...
Finished.
Starting LPCMCI...
Finished.
Starting LPCMCI...
Finished.
Starting LPCMCI...
Finished.
Starting LPCMCI...
Finished.
Starting LPCMCI...
/data/gnicolaou/tigramite/.venv/lib/python3.10/site-packages/sklearn/gaussian_process/kernels.py:429: ConvergenceWarning: The optimal value found for dimension 0 of parameter k1__length_scale is close to the specified upper bound 100000.0. Increasing the bound and calling fit again may find a better value.
  warnings.warn(
/data/gnicolaou/tigramite/.venv/lib/python3.10/site-packages/sklearn/gaussian_process/kernels.py:429: ConvergenceWarning: The optimal value found for dimension 0 of parameter k1__length_scale is close to the specified upper bound 100000.0. Increasing the bound and calling fit again may find a better value.
  warnings.warn(
/data/gnicolaou/tigramite/.venv/lib/python3.10/site-packages/sklearn/gaussian_process/kernels.py:429: ConvergenceWarning: The optimal value found for dimension 0 of parameter k1__length_scale is close to the specified upper bound 100000.0. Increasing the bound and calling fit again may find a better value.
  warnings.warn(
/data/gnicolaou/tigramite/.venv/lib/python3.10/site-packages/sklearn/gaussian_process/kernels.py:429: ConvergenceWarning: The optimal value found for dimension 0 of parameter k1__length_scale is close to the specified upper bound 100000.0. Increasing the bound and calling fit again may find a better value.
  warnings.warn(
Finished.
Starting LPCMCI...
/data/gnicolaou/tigramite/.venv/lib/python3.10/site-packages/sklearn/gaussian_process/kernels.py:429: ConvergenceWarning: The optimal value found for dimension 0 of parameter k1__length_scale is close to the specified upper bound 100000.0. Increasing the bound and calling fit again may find a better value.
  warnings.warn(
Finished.
   Elapsed Time (s)  F1 Score       CMI  Recall
0       4758.419056  0.461538  0.339826     0.4
1       1352.457382  0.384615  0.428763     0.4
2       1079.259303  0.363636  0.406478     0.8
3       1843.165903  0.461538  0.327456     0.4
4       1329.700438  0.416667  0.398095     0.4
5       1216.375535  0.480000  0.383164     0.4
6       1148.472145  0.500000  0.396245     0.4
7       1193.844678  0.333333  0.317290     0.2
8       1877.418108  0.384615  0.342349     0.4
9       1151.034292  0.538462  0.383719     0.8
Starting LPCMCI...
/data/gnicolaou/tigramite/.venv/lib/python3.10/site-packages/sklearn/gaussian_process/kernels.py:429: ConvergenceWarning: The optimal value found for dimension 0 of parameter k1__length_scale is close to the specified upper bound 100000.0. Increasing the bound and calling fit again may find a better value.
  warnings.warn(
/data/gnicolaou/tigramite/.venv/lib/python3.10/site-packages/sklearn/gaussian_process/kernels.py:429: ConvergenceWarning: The optimal value found for dimension 0 of parameter k1__length_scale is close to the specified upper bound 100000.0. Increasing the bound and calling fit again may find a better value.
  warnings.warn(
/data/gnicolaou/tigramite/.venv/lib/python3.10/site-packages/sklearn/gaussian_process/kernels.py:429: ConvergenceWarning: The optimal value found for dimension 0 of parameter k1__length_scale is close to the specified upper bound 100000.0. Increasing the bound and calling fit again may find a better value.
  warnings.warn(
Finished.
Starting LPCMCI...
Finished.
Starting LPCMCI...
/data/gnicolaou/tigramite/.venv/lib/python3.10/site-packages/sklearn/gaussian_process/kernels.py:429: ConvergenceWarning: The optimal value found for dimension 0 of parameter k1__length_scale is close to the specified upper bound 100000.0. Increasing the bound and calling fit again may find a better value.
  warnings.warn(
/data/gnicolaou/tigramite/.venv/lib/python3.10/site-packages/sklearn/gaussian_process/kernels.py:429: ConvergenceWarning: The optimal value found for dimension 0 of parameter k1__length_scale is close to the specified upper bound 100000.0. Increasing the bound and calling fit again may find a better value.
  warnings.warn(
/data/gnicolaou/tigramite/.venv/lib/python3.10/site-packages/sklearn/gaussian_process/kernels.py:429: ConvergenceWarning: The optimal value found for dimension 0 of parameter k1__length_scale is close to the specified upper bound 100000.0. Increasing the bound and calling fit again may find a better value.
  warnings.warn(
Finished.
Starting LPCMCI...
Finished.
Starting LPCMCI...
/data/gnicolaou/tigramite/.venv/lib/python3.10/site-packages/sklearn/gaussian_process/kernels.py:429: ConvergenceWarning: The optimal value found for dimension 0 of parameter k1__length_scale is close to the specified upper bound 100000.0. Increasing the bound and calling fit again may find a better value.
  warnings.warn(
/data/gnicolaou/tigramite/.venv/lib/python3.10/site-packages/sklearn/gaussian_process/kernels.py:429: ConvergenceWarning: The optimal value found for dimension 0 of parameter k1__length_scale is close to the specified upper bound 100000.0. Increasing the bound and calling fit again may find a better value.
  warnings.warn(
Finished.
Starting LPCMCI...
/data/gnicolaou/tigramite/.venv/lib/python3.10/site-packages/sklearn/gaussian_process/kernels.py:429: ConvergenceWarning: The optimal value found for dimension 0 of parameter k1__length_scale is close to the specified upper bound 100000.0. Increasing the bound and calling fit again may find a better value.
  warnings.warn(
/data/gnicolaou/tigramite/.venv/lib/python3.10/site-packages/sklearn/gaussian_process/kernels.py:429: ConvergenceWarning: The optimal value found for dimension 0 of parameter k1__length_scale is close to the specified upper bound 100000.0. Increasing the bound and calling fit again may find a better value.
  warnings.warn(
/data/gnicolaou/tigramite/.venv/lib/python3.10/site-packages/sklearn/gaussian_process/kernels.py:429: ConvergenceWarning: The optimal value found for dimension 0 of parameter k1__length_scale is close to the specified upper bound 100000.0. Increasing the bound and calling fit again may find a better value.
  warnings.warn(
/data/gnicolaou/tigramite/.venv/lib/python3.10/site-packages/sklearn/gaussian_process/kernels.py:429: ConvergenceWarning: The optimal value found for dimension 0 of parameter k1__length_scale is close to the specified upper bound 100000.0. Increasing the bound and calling fit again may find a better value.
  warnings.warn(
/data/gnicolaou/tigramite/.venv/lib/python3.10/site-packages/sklearn/gaussian_process/kernels.py:429: ConvergenceWarning: The optimal value found for dimension 0 of parameter k1__length_scale is close to the specified upper bound 100000.0. Increasing the bound and calling fit again may find a better value.
  warnings.warn(
/data/gnicolaou/tigramite/.venv/lib/python3.10/site-packages/sklearn/gaussian_process/kernels.py:429: ConvergenceWarning: The optimal value found for dimension 0 of parameter k1__length_scale is close to the specified upper bound 100000.0. Increasing the bound and calling fit again may find a better value.
  warnings.warn(
/data/gnicolaou/tigramite/.venv/lib/python3.10/site-packages/sklearn/gaussian_process/kernels.py:429: ConvergenceWarning: The optimal value found for dimension 0 of parameter k1__length_scale is close to the specified upper bound 100000.0. Increasing the bound and calling fit again may find a better value.
  warnings.warn(
Finished.
Starting LPCMCI...
Finished.
Starting LPCMCI...
/data/gnicolaou/tigramite/.venv/lib/python3.10/site-packages/sklearn/gaussian_process/kernels.py:429: ConvergenceWarning: The optimal value found for dimension 0 of parameter k1__length_scale is close to the specified upper bound 100000.0. Increasing the bound and calling fit again may find a better value.
  warnings.warn(
/data/gnicolaou/tigramite/.venv/lib/python3.10/site-packages/sklearn/gaussian_process/kernels.py:429: ConvergenceWarning: The optimal value found for dimension 0 of parameter k1__length_scale is close to the specified upper bound 100000.0. Increasing the bound and calling fit again may find a better value.
  warnings.warn(
/data/gnicolaou/tigramite/.venv/lib/python3.10/site-packages/sklearn/gaussian_process/kernels.py:429: ConvergenceWarning: The optimal value found for dimension 0 of parameter k1__length_scale is close to the specified upper bound 100000.0. Increasing the bound and calling fit again may find a better value.
  warnings.warn(
/data/gnicolaou/tigramite/.venv/lib/python3.10/site-packages/sklearn/gaussian_process/kernels.py:429: ConvergenceWarning: The optimal value found for dimension 0 of parameter k1__length_scale is close to the specified upper bound 100000.0. Increasing the bound and calling fit again may find a better value.
  warnings.warn(
/data/gnicolaou/tigramite/.venv/lib/python3.10/site-packages/sklearn/gaussian_process/kernels.py:429: ConvergenceWarning: The optimal value found for dimension 0 of parameter k1__length_scale is close to the specified upper bound 100000.0. Increasing the bound and calling fit again may find a better value.
  warnings.warn(
/data/gnicolaou/tigramite/.venv/lib/python3.10/site-packages/sklearn/gaussian_process/kernels.py:429: ConvergenceWarning: The optimal value found for dimension 0 of parameter k1__length_scale is close to the specified upper bound 100000.0. Increasing the bound and calling fit again may find a better value.
  warnings.warn(
Finished.
Starting LPCMCI...
/data/gnicolaou/tigramite/.venv/lib/python3.10/site-packages/sklearn/gaussian_process/kernels.py:429: ConvergenceWarning: The optimal value found for dimension 0 of parameter k1__length_scale is close to the specified upper bound 100000.0. Increasing the bound and calling fit again may find a better value.
  warnings.warn(
/data/gnicolaou/tigramite/.venv/lib/python3.10/site-packages/sklearn/gaussian_process/kernels.py:429: ConvergenceWarning: The optimal value found for dimension 0 of parameter k1__length_scale is close to the specified upper bound 100000.0. Increasing the bound and calling fit again may find a better value.
  warnings.warn(
Finished.
Starting LPCMCI...
Finished.
   Elapsed Time (s)  F1 Score       CMI  Recall
0       1670.304443  0.000000  0.209603     0.0
1       1508.566153  0.153846  0.265762     1.0
2       2284.128496  0.230769  0.212999     0.0
3       1592.725647  0.000000  0.208208     0.0
4        950.650470  0.000000  0.264353     0.0
5       2885.876528  0.275862  0.330827     1.0
6       1803.925312  0.153846  0.217971     1.0
7       1309.187139  0.000000  0.251129     0.0
8       1649.707952  0.000000  0.172840     0.0
9       1002.634629  0.000000  0.332429     0.0
Starting LPCMCI...
Finished.
Starting LPCMCI...
/data/gnicolaou/tigramite/.venv/lib/python3.10/site-packages/sklearn/gaussian_process/kernels.py:419: ConvergenceWarning: The optimal value found for dimension 0 of parameter k1__length_scale is close to the specified lower bound 1e-05. Decreasing the bound and calling fit again may find a better value.
  warnings.warn(
Finished.
Starting LPCMCI...
Finished.
Starting LPCMCI...
/data/gnicolaou/tigramite/.venv/lib/python3.10/site-packages/sklearn/gaussian_process/kernels.py:429: ConvergenceWarning: The optimal value found for dimension 0 of parameter k1__length_scale is close to the specified upper bound 100000.0. Increasing the bound and calling fit again may find a better value.
  warnings.warn(
/data/gnicolaou/tigramite/.venv/lib/python3.10/site-packages/sklearn/gaussian_process/kernels.py:429: ConvergenceWarning: The optimal value found for dimension 0 of parameter k1__length_scale is close to the specified upper bound 100000.0. Increasing the bound and calling fit again may find a better value.
  warnings.warn(
/data/gnicolaou/tigramite/.venv/lib/python3.10/site-packages/sklearn/gaussian_process/kernels.py:429: ConvergenceWarning: The optimal value found for dimension 0 of parameter k1__length_scale is close to the specified upper bound 100000.0. Increasing the bound and calling fit again may find a better value.
  warnings.warn(
Finished.
Starting LPCMCI...
Finished.
Starting LPCMCI...
/data/gnicolaou/tigramite/.venv/lib/python3.10/site-packages/sklearn/gaussian_process/kernels.py:429: ConvergenceWarning: The optimal value found for dimension 0 of parameter k1__length_scale is close to the specified upper bound 100000.0. Increasing the bound and calling fit again may find a better value.
  warnings.warn(
/data/gnicolaou/tigramite/.venv/lib/python3.10/site-packages/sklearn/gaussian_process/kernels.py:429: ConvergenceWarning: The optimal value found for dimension 0 of parameter k1__length_scale is close to the specified upper bound 100000.0. Increasing the bound and calling fit again may find a better value.
  warnings.warn(
/data/gnicolaou/tigramite/.venv/lib/python3.10/site-packages/sklearn/gaussian_process/kernels.py:429: ConvergenceWarning: The optimal value found for dimension 0 of parameter k1__length_scale is close to the specified upper bound 100000.0. Increasing the bound and calling fit again may find a better value.
  warnings.warn(
/data/gnicolaou/tigramite/.venv/lib/python3.10/site-packages/sklearn/gaussian_process/kernels.py:429: ConvergenceWarning: The optimal value found for dimension 0 of parameter k1__length_scale is close to the specified upper bound 100000.0. Increasing the bound and calling fit again may find a better value.
  warnings.warn(
Finished.
Starting LPCMCI...
Finished.
Starting LPCMCI...
Finished.
Starting LPCMCI...
/data/gnicolaou/tigramite/.venv/lib/python3.10/site-packages/sklearn/gaussian_process/kernels.py:429: ConvergenceWarning: The optimal value found for dimension 0 of parameter k1__length_scale is close to the specified upper bound 100000.0. Increasing the bound and calling fit again may find a better value.
  warnings.warn(
/data/gnicolaou/tigramite/.venv/lib/python3.10/site-packages/sklearn/gaussian_process/kernels.py:429: ConvergenceWarning: The optimal value found for dimension 0 of parameter k1__length_scale is close to the specified upper bound 100000.0. Increasing the bound and calling fit again may find a better value.
  warnings.warn(
/data/gnicolaou/tigramite/.venv/lib/python3.10/site-packages/sklearn/gaussian_process/kernels.py:419: ConvergenceWarning: The optimal value found for dimension 0 of parameter k2__noise_level is close to the specified lower bound 1e-05. Decreasing the bound and calling fit again may find a better value.
  warnings.warn(
/data/gnicolaou/tigramite/.venv/lib/python3.10/site-packages/sklearn/gaussian_process/kernels.py:419: ConvergenceWarning: The optimal value found for dimension 0 of parameter k2__noise_level is close to the specified lower bound 1e-05. Decreasing the bound and calling fit again may find a better value.
  warnings.warn(
Finished.
Starting LPCMCI...
Finished.
   Elapsed Time (s)  F1 Score       CMI  Recall
0        177.677143  0.000000  0.304648     0.0
1         85.281604  0.000000  0.382965     0.0
2        287.316555  0.000000  0.286843     0.0
3        501.346822  0.105263  0.216142     0.0
4        268.191196  0.000000  0.305199     0.0
5        530.372453  0.000000  0.297618     0.0
6        186.884593  0.000000  0.299348     0.0
7        108.882804  0.000000  0.339402     0.0
8        254.884999  0.125000  0.283007     0.0
9        286.038130  0.235294  0.265449     0.5
